#
# There is insufficient memory for the Java Runtime Environment to continue.
# Native memory allocation (malloc) failed to allocate 678256 bytes for Chunk::new
# Possible reasons:
#   The system is out of physical RAM or swap space
#   The process is running with CompressedOops enabled, and the Java Heap may be blocking the growth of the native heap
# Possible solutions:
#   Reduce memory load on the system
#   Increase physical memory or swap space
#   Check if swap backing store is full
#   Decrease Java heap size (-Xmx/-Xms)
#   Decrease number of Java threads
#   Decrease Java thread stack sizes (-Xss)
#   Set larger code cache with -XX:ReservedCodeCacheSize=
#   JVM is running with Unscaled Compressed Oops mode in which the Java heap is
#     placed in the first 4GB address space. The Java Heap base address is the
#     maximum limit for the native heap growth. Please use -XX:HeapBaseMinAddress
#     to set the Java Heap base and to place the Java Heap above 4GB virtual address.
# This output file may be truncated or incomplete.
#
#  Out of Memory Error (./open/src/hotspot/share/memory/arena.cpp:197), pid=9436, tid=5596
#
# JRE version: Java(TM) SE Runtime Environment 18.9 (11.0.12+8) (build 11.0.12+8-LTS-237)
# Java VM: Java HotSpot(TM) 64-Bit Server VM 18.9 (11.0.12+8-LTS-237, mixed mode, tiered, compressed oops, g1 gc, windows-amd64)
# No core dump will be written. Minidumps are not enabled by default on client versions of Windows
#

---------------  S U M M A R Y ------------

Command Line: -Dfile.encoding=UTF-8 dmd.test.TestApplication

Host: Intel(R) Core(TM) i5-5200U CPU @ 2.20GHz, 4 cores, 3G,  Windows 10 , 64 bit Build 19041 (10.0.19041.1151)
Time: Fri Aug 27 04:39:07 2021 SE Asia Standard Time elapsed time: 149.537020 seconds (0d 0h 2m 29s)

---------------  T H R E A D  ---------------

Current thread (0x000001b3f96a2000):  JavaThread "C2 CompilerThread0" daemon [_thread_in_native, id=5596, stack(0x0000001a2a300000,0x0000001a2a400000)]


Current CompileTask:
C2: 149537 7248       4       org.springframework.boot.context.properties.source.SpringIterableConfigurationPropertySource$$Lambda$103/0x0000000100152440::apply (12 bytes)

Stack: [0x0000001a2a300000,0x0000001a2a400000]
Native frames: (J=compiled Java code, j=interpreted, Vv=VM code, C=native code)
V  [jvm.dll+0x617d9a]
V  [jvm.dll+0x74eeef]
V  [jvm.dll+0x750599]
V  [jvm.dll+0x750c23]
V  [jvm.dll+0x2438d8]
V  [jvm.dll+0xba6dc]
V  [jvm.dll+0xbac9c]
V  [jvm.dll+0x346972]
V  [jvm.dll+0x193e79]
V  [jvm.dll+0x1fd212]
V  [jvm.dll+0x1fc2ed]
V  [jvm.dll+0x17f18c]
V  [jvm.dll+0x20b87c]
V  [jvm.dll+0x20997b]
V  [jvm.dll+0x716359]
V  [jvm.dll+0x70f064]
V  [jvm.dll+0x616f66]
C  [ucrtbase.dll+0x21bb2]
C  [KERNEL32.DLL+0x17034]
C  [ntdll.dll+0x52651]


---------------  P R O C E S S  ---------------

Threads class SMR info:
_java_thread_list=0x000001b380d02c30, length=15, elements={
0x000001b3f95fa000, 0x000001b3f9626000, 0x000001b3f9676800, 0x000001b3f9677800,
0x000001b3f9679000, 0x000001b3f96a2000, 0x000001b3f96a6000, 0x000001b3f96aa000,
0x000001b3f994a000, 0x000001b3fe343800, 0x000001b3faf01800, 0x000001b3faf02800,
0x000001b3faf05800, 0x000001b3faf07000, 0x000001b381731000
}

Java Threads: ( => current thread )
  0x000001b3f95fa000 JavaThread "Reference Handler" daemon [_thread_blocked, id=5812, stack(0x0000001a29e00000,0x0000001a29f00000)]
  0x000001b3f9626000 JavaThread "Finalizer" daemon [_thread_blocked, id=5908, stack(0x0000001a29f00000,0x0000001a2a000000)]
  0x000001b3f9676800 JavaThread "Signal Dispatcher" daemon [_thread_blocked, id=236, stack(0x0000001a2a000000,0x0000001a2a100000)]
  0x000001b3f9677800 JavaThread "Attach Listener" daemon [_thread_blocked, id=2308, stack(0x0000001a2a100000,0x0000001a2a200000)]
  0x000001b3f9679000 JavaThread "Service Thread" daemon [_thread_blocked, id=9660, stack(0x0000001a2a200000,0x0000001a2a300000)]
=>0x000001b3f96a2000 JavaThread "C2 CompilerThread0" daemon [_thread_in_native, id=5596, stack(0x0000001a2a300000,0x0000001a2a400000)]
  0x000001b3f96a6000 JavaThread "C1 CompilerThread0" daemon [_thread_blocked, id=7856, stack(0x0000001a2a400000,0x0000001a2a500000)]
  0x000001b3f96aa000 JavaThread "Sweeper thread" daemon [_thread_blocked, id=8112, stack(0x0000001a2a500000,0x0000001a2a600000)]
  0x000001b3f994a000 JavaThread "Common-Cleaner" daemon [_thread_blocked, id=7004, stack(0x0000001a2a700000,0x0000001a2a800000)]
  0x000001b3fe343800 JavaThread "mysql-cj-abandoned-connection-cleanup" daemon [_thread_blocked, id=1828, stack(0x0000001a2b200000,0x0000001a2b300000)]
  0x000001b3faf01800 JavaThread "Live Reload Server" daemon [_thread_in_native, id=8800, stack(0x0000001a2b800000,0x0000001a2b900000)]
  0x000001b3faf02800 JavaThread "DestroyJavaVM" [_thread_blocked, id=10600, stack(0x0000001a29700000,0x0000001a29800000)]
  0x000001b3faf05800 JavaThread "Thread-7" [_thread_blocked, id=10140, stack(0x0000001a29400000,0x0000001a29500000)]
  0x000001b3faf07000 JavaThread "restartedMain" [_thread_in_native, id=7612, stack(0x0000001a29500000,0x0000001a29600000)]
  0x000001b381731000 JavaThread "C2 CompilerThread1" daemon [_thread_in_native, id=3120, stack(0x0000001a29600000,0x0000001a29700000)]

Other Threads:
  0x000001b3f95f7800 VMThread "VM Thread" [stack: 0x0000001a29d00000,0x0000001a29e00000] [id=8960]
  0x000001b3f9941800 WatcherThread [stack: 0x0000001a2a600000,0x0000001a2a700000] [id=2428]
  0x000001b3db00b800 GCTaskThread "GC Thread#0" [stack: 0x0000001a29800000,0x0000001a29900000] [id=8328]
  0x000001b3fa054000 GCTaskThread "GC Thread#1" [stack: 0x0000001a2a900000,0x0000001a2aa00000] [id=1244]
  0x000001b3fa696800 GCTaskThread "GC Thread#2" [stack: 0x0000001a2ad00000,0x0000001a2ae00000] [id=1836]
  0x000001b3fa697000 GCTaskThread "GC Thread#3" [stack: 0x0000001a2ae00000,0x0000001a2af00000] [id=8692]
  0x000001b3db027800 ConcurrentGCThread "G1 Main Marker" [stack: 0x0000001a29900000,0x0000001a29a00000] [id=8796]
  0x000001b3db029000 ConcurrentGCThread "G1 Conc#0" [stack: 0x0000001a29a00000,0x0000001a29b00000] [id=760]
  0x000001b3db07f000 ConcurrentGCThread "G1 Refine#0" [stack: 0x0000001a29b00000,0x0000001a29c00000] [id=5568]
  0x000001b3f993b800 ConcurrentGCThread "G1 Refine#1" [stack: 0x0000001a2aa00000,0x0000001a2ab00000] [id=10056]
  0x000001b3db080000 ConcurrentGCThread "G1 Young RemSet Sampling" [stack: 0x0000001a29c00000,0x0000001a29d00000] [id=3540]

Threads with active compile tasks:
C2 CompilerThread0 149804 7248       4       org.springframework.boot.context.properties.source.SpringIterableConfigurationPropertySource$$Lambda$103/0x0000000100152440::apply (12 bytes)
C2 CompilerThread1 149805 7263       4       org.springframework.core.annotation.TypeMappedAnnotation::adapt (376 bytes)

VM state:not at safepoint (normal execution)

VM Mutex/Monitor currently owned by a thread: None

Heap address: 0x00000000c1200000, size: 1006 MB, Compressed Oops mode: 32-bit
Narrow klass base: 0x0000000000000000, Narrow klass shift: 3
Compressed class space size: 1073741824 Address: 0x0000000100000000

Heap:
 garbage-first heap   total 96256K, used 69867K [0x00000000c1200000, 0x0000000100000000)
  region size 1024K, 42 young (43008K), 3 survivors (3072K)
 Metaspace       used 77263K, capacity 79276K, committed 79488K, reserved 1118208K
  class space    used 9807K, capacity 10606K, committed 10624K, reserved 1048576K
Heap Regions: E=young(eden), S=young(survivor), O=old, HS=humongous(starts), HC=humongous(continues), CS=collection set, F=free, A=archive, TAMS=top-at-mark-start (previous, next)
|   0|0x00000000c1200000, 0x00000000c1300000, 0x00000000c1300000|100%|HS|  |TAMS 0x00000000c1200000, 0x00000000c1200000| Untracked 
|   1|0x00000000c1300000, 0x00000000c13fec90, 0x00000000c1400000| 99%| O|  |TAMS 0x00000000c1300000, 0x00000000c1300000| Untracked 
|   2|0x00000000c1400000, 0x00000000c14ffff8, 0x00000000c1500000| 99%| O|  |TAMS 0x00000000c1400000, 0x00000000c1400000| Untracked 
|   3|0x00000000c1500000, 0x00000000c15ffff0, 0x00000000c1600000| 99%| O|  |TAMS 0x00000000c1500000, 0x00000000c1500000| Untracked 
|   4|0x00000000c1600000, 0x00000000c1700000, 0x00000000c1700000|100%| O|  |TAMS 0x00000000c1600000, 0x00000000c1600000| Untracked 
|   5|0x00000000c1700000, 0x00000000c17fffd8, 0x00000000c1800000| 99%| O|  |TAMS 0x00000000c1700000, 0x00000000c1700000| Untracked 
|   6|0x00000000c1800000, 0x00000000c18fffc8, 0x00000000c1900000| 99%| O|  |TAMS 0x00000000c1800000, 0x00000000c1800000| Untracked 
|   7|0x00000000c1900000, 0x00000000c19ffff8, 0x00000000c1a00000| 99%| O|  |TAMS 0x00000000c1900000, 0x00000000c1900000| Untracked 
|   8|0x00000000c1a00000, 0x00000000c1afffe0, 0x00000000c1b00000| 99%| O|  |TAMS 0x00000000c1a00000, 0x00000000c1a00000| Untracked 
|   9|0x00000000c1b00000, 0x00000000c1c00000, 0x00000000c1c00000|100%| O|  |TAMS 0x00000000c1b00000, 0x00000000c1b00000| Untracked 
|  10|0x00000000c1c00000, 0x00000000c1cfffc8, 0x00000000c1d00000| 99%| O|  |TAMS 0x00000000c1c00000, 0x00000000c1c00000| Untracked 
|  11|0x00000000c1d00000, 0x00000000c1dffff0, 0x00000000c1e00000| 99%| O|  |TAMS 0x00000000c1d00000, 0x00000000c1d00000| Untracked 
|  12|0x00000000c1e00000, 0x00000000c1eff9e8, 0x00000000c1f00000| 99%| O|  |TAMS 0x00000000c1e00000, 0x00000000c1e00000| Untracked 
|  13|0x00000000c1f00000, 0x00000000c2000000, 0x00000000c2000000|100%| O|  |TAMS 0x00000000c1f00000, 0x00000000c1f00000| Untracked 
|  14|0x00000000c2000000, 0x00000000c20ffb50, 0x00000000c2100000| 99%| O|  |TAMS 0x00000000c2000000, 0x00000000c2000000| Untracked 
|  15|0x00000000c2100000, 0x00000000c21fffe8, 0x00000000c2200000| 99%| O|  |TAMS 0x00000000c2100000, 0x00000000c2100000| Untracked 
|  16|0x00000000c2200000, 0x00000000c22f7a08, 0x00000000c2300000| 96%| O|  |TAMS 0x00000000c2200000, 0x00000000c2200000| Untracked 
|  17|0x00000000c2300000, 0x00000000c23ffff0, 0x00000000c2400000| 99%| O|  |TAMS 0x00000000c2300000, 0x00000000c2300000| Untracked 
|  18|0x00000000c2400000, 0x00000000c24ffff8, 0x00000000c2500000| 99%| O|  |TAMS 0x00000000c2400000, 0x00000000c2400000| Untracked 
|  19|0x00000000c2500000, 0x00000000c25fffc0, 0x00000000c2600000| 99%| O|  |TAMS 0x00000000c2500000, 0x00000000c2500000| Untracked 
|  20|0x00000000c2600000, 0x00000000c26ffff8, 0x00000000c2700000| 99%| O|  |TAMS 0x00000000c2600000, 0x00000000c2600000| Untracked 
|  21|0x00000000c2700000, 0x00000000c27ff3c8, 0x00000000c2800000| 99%| O|  |TAMS 0x00000000c2700000, 0x00000000c2700000| Untracked 
|  22|0x00000000c2800000, 0x00000000c28fffd8, 0x00000000c2900000| 99%| O|  |TAMS 0x00000000c2800000, 0x00000000c2800000| Untracked 
|  23|0x00000000c2900000, 0x00000000c29ffff8, 0x00000000c2a00000| 99%| O|  |TAMS 0x00000000c2900000, 0x00000000c2900000| Untracked 
|  24|0x00000000c2a00000, 0x00000000c2affff8, 0x00000000c2b00000| 99%| O|  |TAMS 0x00000000c2a00000, 0x00000000c2a00000| Untracked 
|  25|0x00000000c2b00000, 0x00000000c2b2ab28, 0x00000000c2c00000| 16%| O|  |TAMS 0x00000000c2b00000, 0x00000000c2b00000| Untracked 
|  26|0x00000000c2c00000, 0x00000000c2c00000, 0x00000000c2d00000|  0%| F|  |TAMS 0x00000000c2c00000, 0x00000000c2c00000| Untracked 
|  27|0x00000000c2d00000, 0x00000000c2d00000, 0x00000000c2e00000|  0%| F|  |TAMS 0x00000000c2d00000, 0x00000000c2d00000| Untracked 
|  28|0x00000000c2e00000, 0x00000000c2e00000, 0x00000000c2f00000|  0%| F|  |TAMS 0x00000000c2e00000, 0x00000000c2e00000| Untracked 
|  29|0x00000000c2f00000, 0x00000000c2f00000, 0x00000000c3000000|  0%| F|  |TAMS 0x00000000c2f00000, 0x00000000c2f00000| Untracked 
|  30|0x00000000c3000000, 0x00000000c3000000, 0x00000000c3100000|  0%| F|  |TAMS 0x00000000c3000000, 0x00000000c3000000| Untracked 
|  31|0x00000000c3100000, 0x00000000c3100000, 0x00000000c3200000|  0%| F|  |TAMS 0x00000000c3100000, 0x00000000c3100000| Untracked 
|  32|0x00000000c3200000, 0x00000000c3200000, 0x00000000c3300000|  0%| F|  |TAMS 0x00000000c3200000, 0x00000000c3200000| Untracked 
|  33|0x00000000c3300000, 0x00000000c3300000, 0x00000000c3400000|  0%| F|  |TAMS 0x00000000c3300000, 0x00000000c3300000| Untracked 
|  34|0x00000000c3400000, 0x00000000c3400000, 0x00000000c3500000|  0%| F|  |TAMS 0x00000000c3400000, 0x00000000c3400000| Untracked 
|  35|0x00000000c3500000, 0x00000000c3500000, 0x00000000c3600000|  0%| F|  |TAMS 0x00000000c3500000, 0x00000000c3500000| Untracked 
|  36|0x00000000c3600000, 0x00000000c3600000, 0x00000000c3700000|  0%| F|  |TAMS 0x00000000c3600000, 0x00000000c3600000| Untracked 
|  37|0x00000000c3700000, 0x00000000c3700000, 0x00000000c3800000|  0%| F|  |TAMS 0x00000000c3700000, 0x00000000c3700000| Untracked 
|  38|0x00000000c3800000, 0x00000000c3800000, 0x00000000c3900000|  0%| F|  |TAMS 0x00000000c3800000, 0x00000000c3800000| Untracked 
|  39|0x00000000c3900000, 0x00000000c3900000, 0x00000000c3a00000|  0%| F|  |TAMS 0x00000000c3900000, 0x00000000c3900000| Untracked 
|  40|0x00000000c3a00000, 0x00000000c3a00000, 0x00000000c3b00000|  0%| F|  |TAMS 0x00000000c3a00000, 0x00000000c3a00000| Untracked 
|  41|0x00000000c3b00000, 0x00000000c3b00000, 0x00000000c3c00000|  0%| F|  |TAMS 0x00000000c3b00000, 0x00000000c3b00000| Untracked 
|  42|0x00000000c3c00000, 0x00000000c3cf9cc8, 0x00000000c3d00000| 97%| O|  |TAMS 0x00000000c3c00000, 0x00000000c3c00000| Untracked 
|  43|0x00000000c3d00000, 0x00000000c3dc8130, 0x00000000c3e00000| 78%| O|  |TAMS 0x00000000c3d00000, 0x00000000c3d00000| Untracked 
|  44|0x00000000c3e00000, 0x00000000c3effff8, 0x00000000c3f00000| 99%| O|  |TAMS 0x00000000c3e00000, 0x00000000c3e00000| Untracked 
|  45|0x00000000c3f00000, 0x00000000c3f00000, 0x00000000c4000000|  0%| F|  |TAMS 0x00000000c3f00000, 0x00000000c3f00000| Untracked 
|  46|0x00000000c4000000, 0x00000000c4000000, 0x00000000c4100000|  0%| F|  |TAMS 0x00000000c4000000, 0x00000000c4000000| Untracked 
|  47|0x00000000c4100000, 0x00000000c41af108, 0x00000000c4200000| 68%| O|  |TAMS 0x00000000c4100000, 0x00000000c4100000| Untracked 
|  48|0x00000000c4200000, 0x00000000c42aa600, 0x00000000c4300000| 66%| S|CS|TAMS 0x00000000c4200000, 0x00000000c4200000| Complete 
|  49|0x00000000c4300000, 0x00000000c4400000, 0x00000000c4400000|100%| S|CS|TAMS 0x00000000c4300000, 0x00000000c4300000| Complete 
|  50|0x00000000c4400000, 0x00000000c4500000, 0x00000000c4500000|100%| S|CS|TAMS 0x00000000c4400000, 0x00000000c4400000| Complete 
|  51|0x00000000c4500000, 0x00000000c4500000, 0x00000000c4600000|  0%| F|  |TAMS 0x00000000c4500000, 0x00000000c4500000| Untracked 
|  52|0x00000000c4600000, 0x00000000c4600000, 0x00000000c4700000|  0%| F|  |TAMS 0x00000000c4600000, 0x00000000c4600000| Untracked 
|  53|0x00000000c4700000, 0x00000000c4700000, 0x00000000c4800000|  0%| F|  |TAMS 0x00000000c4700000, 0x00000000c4700000| Untracked 
|  54|0x00000000c4800000, 0x00000000c4880800, 0x00000000c4900000| 50%| E|  |TAMS 0x00000000c4800000, 0x00000000c4800000| Complete 
|  55|0x00000000c4900000, 0x00000000c4a00000, 0x00000000c4a00000|100%| E|CS|TAMS 0x00000000c4900000, 0x00000000c4900000| Complete 
|  56|0x00000000c4a00000, 0x00000000c4b00000, 0x00000000c4b00000|100%| E|CS|TAMS 0x00000000c4a00000, 0x00000000c4a00000| Complete 
|  57|0x00000000c4b00000, 0x00000000c4c00000, 0x00000000c4c00000|100%| E|CS|TAMS 0x00000000c4b00000, 0x00000000c4b00000| Complete 
|  58|0x00000000c4c00000, 0x00000000c4d00000, 0x00000000c4d00000|100%| E|CS|TAMS 0x00000000c4c00000, 0x00000000c4c00000| Complete 
|  59|0x00000000c4d00000, 0x00000000c4e00000, 0x00000000c4e00000|100%| E|CS|TAMS 0x00000000c4d00000, 0x00000000c4d00000| Complete 
|  60|0x00000000c4e00000, 0x00000000c4f00000, 0x00000000c4f00000|100%| E|CS|TAMS 0x00000000c4e00000, 0x00000000c4e00000| Complete 
|  61|0x00000000c4f00000, 0x00000000c5000000, 0x00000000c5000000|100%| E|  |TAMS 0x00000000c4f00000, 0x00000000c4f00000| Complete 
|  62|0x00000000c5000000, 0x00000000c5100000, 0x00000000c5100000|100%| E|CS|TAMS 0x00000000c5000000, 0x00000000c5000000| Complete 
|  63|0x00000000c5100000, 0x00000000c5200000, 0x00000000c5200000|100%| E|CS|TAMS 0x00000000c5100000, 0x00000000c5100000| Complete 
|  64|0x00000000c5200000, 0x00000000c5300000, 0x00000000c5300000|100%| E|CS|TAMS 0x00000000c5200000, 0x00000000c5200000| Complete 
|  65|0x00000000c5300000, 0x00000000c5400000, 0x00000000c5400000|100%| E|CS|TAMS 0x00000000c5300000, 0x00000000c5300000| Complete 
|  66|0x00000000c5400000, 0x00000000c5500000, 0x00000000c5500000|100%| E|CS|TAMS 0x00000000c5400000, 0x00000000c5400000| Complete 
|  67|0x00000000c5500000, 0x00000000c5600000, 0x00000000c5600000|100%| E|CS|TAMS 0x00000000c5500000, 0x00000000c5500000| Complete 
|  68|0x00000000c5600000, 0x00000000c5700000, 0x00000000c5700000|100%| E|CS|TAMS 0x00000000c5600000, 0x00000000c5600000| Complete 
|  69|0x00000000c5700000, 0x00000000c5800000, 0x00000000c5800000|100%| E|CS|TAMS 0x00000000c5700000, 0x00000000c5700000| Complete 
|  70|0x00000000c5800000, 0x00000000c5900000, 0x00000000c5900000|100%| E|CS|TAMS 0x00000000c5800000, 0x00000000c5800000| Complete 
|  71|0x00000000c5900000, 0x00000000c5a00000, 0x00000000c5a00000|100%| E|CS|TAMS 0x00000000c5900000, 0x00000000c5900000| Complete 
|  72|0x00000000c5a00000, 0x00000000c5b00000, 0x00000000c5b00000|100%| E|CS|TAMS 0x00000000c5a00000, 0x00000000c5a00000| Complete 
|  73|0x00000000c5b00000, 0x00000000c5c00000, 0x00000000c5c00000|100%| E|CS|TAMS 0x00000000c5b00000, 0x00000000c5b00000| Complete 
|  74|0x00000000c5c00000, 0x00000000c5d00000, 0x00000000c5d00000|100%| E|CS|TAMS 0x00000000c5c00000, 0x00000000c5c00000| Complete 
|  75|0x00000000c5d00000, 0x00000000c5e00000, 0x00000000c5e00000|100%| E|CS|TAMS 0x00000000c5d00000, 0x00000000c5d00000| Complete 
|  76|0x00000000c5e00000, 0x00000000c5f00000, 0x00000000c5f00000|100%| E|CS|TAMS 0x00000000c5e00000, 0x00000000c5e00000| Complete 
|  77|0x00000000c5f00000, 0x00000000c6000000, 0x00000000c6000000|100%| E|CS|TAMS 0x00000000c5f00000, 0x00000000c5f00000| Complete 
|  78|0x00000000c6000000, 0x00000000c6100000, 0x00000000c6100000|100%| E|CS|TAMS 0x00000000c6000000, 0x00000000c6000000| Complete 
|  79|0x00000000c6100000, 0x00000000c6200000, 0x00000000c6200000|100%| E|CS|TAMS 0x00000000c6100000, 0x00000000c6100000| Complete 
|  80|0x00000000c6200000, 0x00000000c6300000, 0x00000000c6300000|100%| E|CS|TAMS 0x00000000c6200000, 0x00000000c6200000| Complete 
|  81|0x00000000c6300000, 0x00000000c6400000, 0x00000000c6400000|100%| E|CS|TAMS 0x00000000c6300000, 0x00000000c6300000| Complete 
|  82|0x00000000c6400000, 0x00000000c6500000, 0x00000000c6500000|100%| E|CS|TAMS 0x00000000c6400000, 0x00000000c6400000| Complete 
|  83|0x00000000c6500000, 0x00000000c6600000, 0x00000000c6600000|100%| E|CS|TAMS 0x00000000c6500000, 0x00000000c6500000| Complete 
|  84|0x00000000c6600000, 0x00000000c6700000, 0x00000000c6700000|100%| E|CS|TAMS 0x00000000c6600000, 0x00000000c6600000| Complete 
|  85|0x00000000c6700000, 0x00000000c6800000, 0x00000000c6800000|100%| E|CS|TAMS 0x00000000c6700000, 0x00000000c6700000| Complete 
|  86|0x00000000c6800000, 0x00000000c6900000, 0x00000000c6900000|100%| E|CS|TAMS 0x00000000c6800000, 0x00000000c6800000| Complete 
|  87|0x00000000c6900000, 0x00000000c6a00000, 0x00000000c6a00000|100%| E|CS|TAMS 0x00000000c6900000, 0x00000000c6900000| Complete 
|  88|0x00000000c6a00000, 0x00000000c6b00000, 0x00000000c6b00000|100%| E|CS|TAMS 0x00000000c6a00000, 0x00000000c6a00000| Complete 
|  89|0x00000000c6b00000, 0x00000000c6c00000, 0x00000000c6c00000|100%| E|CS|TAMS 0x00000000c6b00000, 0x00000000c6b00000| Complete 
|  90|0x00000000c6c00000, 0x00000000c6d00000, 0x00000000c6d00000|100%| E|CS|TAMS 0x00000000c6c00000, 0x00000000c6c00000| Complete 
|  91|0x00000000c6d00000, 0x00000000c6e00000, 0x00000000c6e00000|100%| E|CS|TAMS 0x00000000c6d00000, 0x00000000c6d00000| Complete 
|  92|0x00000000c6e00000, 0x00000000c6f00000, 0x00000000c6f00000|100%| E|CS|TAMS 0x00000000c6e00000, 0x00000000c6e00000| Complete 
|  93|0x00000000c6f00000, 0x00000000c7000000, 0x00000000c7000000|100%| E|CS|TAMS 0x00000000c6f00000, 0x00000000c6f00000| Complete 

Card table byte_map: [0x000001b3f44c0000,0x000001b3f46c0000] _byte_map_base: 0x000001b3f3eb7000

Marking Bits (Prev, Next): (CMBitMap*) 0x000001b3db022d90, (CMBitMap*) 0x000001b3db022d58
 Prev Bits: [0x000001b3f5880000, 0x000001b3f6838000)
 Next Bits: [0x000001b3f48c0000, 0x000001b3f5878000)

Polling page: 0x000001b3db0d0000

Metaspace:

Usage:
  Non-class:     67.06 MB capacity,    65.88 MB ( 98%) used,   966.10 KB (  1%) free+waste,   247.69 KB ( <1%) overhead. 
      Class:     10.36 MB capacity,     9.58 MB ( 92%) used,   684.27 KB (  6%) free+waste,   114.19 KB (  1%) overhead. 
       Both:     77.42 MB capacity,    75.45 MB ( 97%) used,     1.61 MB (  2%) free+waste,   361.88 KB ( <1%) overhead. 

Virtual space:
  Non-class space:       68.00 MB reserved,      67.25 MB ( 99%) committed 
      Class space:        1.00 GB reserved,      10.38 MB (  1%) committed 
             Both:        1.07 GB reserved,      77.63 MB (  7%) committed 

Chunk freelists:
   Non-Class:  256 bytes
       Class:  2.25 KB
        Both:  2.50 KB

CodeHeap 'non-profiled nmethods': size=120064Kb used=4805Kb max_used=4805Kb free=115258Kb
 bounds [0x000001b3ec750000, 0x000001b3ecc10000, 0x000001b3f3c90000]
CodeHeap 'profiled nmethods': size=120000Kb used=16316Kb max_used=16316Kb free=103683Kb
 bounds [0x000001b3e5220000, 0x000001b3e6210000, 0x000001b3ec750000]
CodeHeap 'non-nmethods': size=5696Kb used=1254Kb max_used=1319Kb free=4442Kb
 bounds [0x000001b3e4c90000, 0x000001b3e4f00000, 0x000001b3e5220000]
 total_blobs=7861 nmethods=7221 adapters=550
 compilation: enabled
              stopped_count=0, restarted_count=0
 full_count=0

Compilation events (10 events):
Event: 149.486 Thread 0x000001b3f96a6000 7274       1       sun.reflect.generics.tree.MethodTypeSignature::getFormalTypeParameters (5 bytes)
Event: 149.486 Thread 0x000001b3f96a6000 nmethod 7274 0x000001b3ecbffe10 code [0x000001b3ecbfffa0, 0x000001b3ecc00058]
Event: 149.509 Thread 0x000001b3f96a6000 7279       1       org.springframework.core.ResolvableType$TypeVariablesVariableResolver::getSource (5 bytes)
Event: 149.509 Thread 0x000001b3f96a6000 nmethod 7279 0x000001b3ecc00110 code [0x000001b3ecc002a0, 0x000001b3ecc00358]
Event: 149.513 Thread 0x000001b3f96a6000 7280       2       org.springframework.expression.common.TemplateAwareExpressionParser::parseExpressions (364 bytes)
Event: 149.518 Thread 0x000001b3f96a6000 nmethod 7280 0x000001b3e61dd310 code [0x000001b3e61dd7a0, 0x000001b3e61df138]
Event: 149.518 Thread 0x000001b3f96a6000 7282       2       org.springframework.beans.factory.config.BeanExpressionContext::equals (49 bytes)
Event: 149.518 Thread 0x000001b3f96a6000 nmethod 7282 0x000001b3e61e0290 code [0x000001b3e61e0440, 0x000001b3e61e0618]
Event: 149.518 Thread 0x000001b3f96a6000 7281       2       org.springframework.context.expression.StandardBeanExpressionResolver$1::getExpressionPrefix (8 bytes)
Event: 149.518 Thread 0x000001b3f96a6000 nmethod 7281 0x000001b3e61e0710 code [0x000001b3e61e08a0, 0x000001b3e61e0998]

GC Heap History (10 events):
Event: 134.560 GC heap before
{Heap before GC invocations=22 (full 0):
 garbage-first heap   total 114688K, used 62515K [0x00000000c1200000, 0x0000000100000000)
  region size 1024K, 43 young (44032K), 7 survivors (7168K)
 Metaspace       used 75919K, capacity 77843K, committed 78080K, reserved 1116160K
  class space    used 9736K, capacity 10493K, committed 10496K, reserved 1048576K
}
Event: 134.652 GC heap after
{Heap after GC invocations=23 (full 1):
 garbage-first heap   total 96256K, used 27147K [0x00000000c1200000, 0x0000000100000000)
  region size 1024K, 0 young (0K), 0 survivors (0K)
 Metaspace       used 75911K, capacity 77831K, committed 78080K, reserved 1116160K
  class space    used 9735K, capacity 10490K, committed 10496K, reserved 1048576K
}
Event: 136.078 GC heap before
{Heap before GC invocations=23 (full 1):
 garbage-first heap   total 96256K, used 69131K [0x00000000c1200000, 0x0000000100000000)
  region size 1024K, 42 young (43008K), 0 survivors (0K)
 Metaspace       used 76180K, capacity 78116K, committed 78208K, reserved 1116160K
  class space    used 9753K, capacity 10535K, committed 10624K, reserved 1048576K
}
Event: 136.082 GC heap after
{Heap after GC invocations=24 (full 1):
 garbage-first heap   total 96256K, used 30219K [0x00000000c1200000, 0x0000000100000000)
  region size 1024K, 3 young (3072K), 3 survivors (3072K)
 Metaspace       used 76180K, capacity 78116K, committed 78208K, reserved 1116160K
  class space    used 9753K, capacity 10535K, committed 10624K, reserved 1048576K
}
Event: 136.215 GC heap before
{Heap before GC invocations=24 (full 1):
 garbage-first heap   total 96256K, used 71179K [0x00000000c1200000, 0x0000000100000000)
  region size 1024K, 44 young (45056K), 3 survivors (3072K)
 Metaspace       used 76212K, capacity 78122K, committed 78464K, reserved 1118208K
  class space    used 9755K, capacity 10536K, committed 10624K, reserved 1048576K
}
Event: 136.219 GC heap after
{Heap after GC invocations=25 (full 1):
 garbage-first heap   total 96256K, used 29850K [0x00000000c1200000, 0x0000000100000000)
  region size 1024K, 3 young (3072K), 3 survivors (3072K)
 Metaspace       used 76212K, capacity 78122K, committed 78464K, reserved 1118208K
  class space    used 9755K, capacity 10536K, committed 10624K, reserved 1048576K
}
Event: 136.982 GC heap before
{Heap before GC invocations=25 (full 1):
 garbage-first heap   total 96256K, used 72858K [0x00000000c1200000, 0x0000000100000000)
  region size 1024K, 45 young (46080K), 3 survivors (3072K)
 Metaspace       used 76583K, capacity 78570K, committed 78720K, reserved 1118208K
  class space    used 9775K, capacity 10551K, committed 10624K, reserved 1048576K
}
Event: 136.988 GC heap after
{Heap after GC invocations=26 (full 1):
 garbage-first heap   total 96256K, used 31048K [0x00000000c1200000, 0x0000000100000000)
  region size 1024K, 4 young (4096K), 4 survivors (4096K)
 Metaspace       used 76583K, capacity 78570K, committed 78720K, reserved 1118208K
  class space    used 9775K, capacity 10551K, committed 10624K, reserved 1048576K
}
Event: 148.894 GC heap before
{Heap before GC invocations=26 (full 1):
 garbage-first heap   total 96256K, used 58696K [0x00000000c1200000, 0x0000000100000000)
  region size 1024K, 32 young (32768K), 4 survivors (4096K)
 Metaspace       used 77020K, capacity 79009K, committed 79232K, reserved 1118208K
  class space    used 9790K, capacity 10562K, committed 10624K, reserved 1048576K
}
Event: 148.986 GC heap after
{Heap after GC invocations=27 (full 2):
 garbage-first heap   total 96256K, used 29250K [0x00000000c1200000, 0x0000000100000000)
  region size 1024K, 0 young (0K), 0 survivors (0K)
 Metaspace       used 77017K, capacity 79003K, committed 79232K, reserved 1118208K
  class space    used 9790K, capacity 10561K, committed 10624K, reserved 1048576K
}

Deoptimization events (10 events):
Event: 136.003 Thread 0x000001b381736000 Uncommon trap: reason=class_check action=maybe_recompile pc=0x000001b3ec8c331c method=org.springframework.beans.factory.support.AbstractBeanFactory.getBeanPostProcessorCache()Lorg/springframework/beans/factory/support/AbstractBeanFactory$BeanPostProcessor
Event: 137.320 Thread 0x000001b381736000 Uncommon trap: reason=profile_predicate action=maybe_recompile pc=0x000001b3eca5b948 method=org.springframework.core.annotation.AnnotationsScanner.processClassInheritedAnnotations(Ljava/lang/Object;Ljava/lang/Class;Lorg/springframework/core/annotation/Mer
Event: 137.320 Thread 0x000001b381736000 Uncommon trap: reason=profile_predicate action=maybe_recompile pc=0x000001b3eca5b948 method=org.springframework.core.annotation.AnnotationsScanner.processClassInheritedAnnotations(Ljava/lang/Object;Ljava/lang/Class;Lorg/springframework/core/annotation/Mer
Event: 137.320 Thread 0x000001b381736000 Uncommon trap: reason=profile_predicate action=maybe_recompile pc=0x000001b3eca5b948 method=org.springframework.core.annotation.AnnotationsScanner.processClassInheritedAnnotations(Ljava/lang/Object;Ljava/lang/Class;Lorg/springframework/core/annotation/Mer
Event: 137.320 Thread 0x000001b381736000 Uncommon trap: reason=profile_predicate action=maybe_recompile pc=0x000001b3eca5b948 method=org.springframework.core.annotation.AnnotationsScanner.processClassInheritedAnnotations(Ljava/lang/Object;Ljava/lang/Class;Lorg/springframework/core/annotation/Mer
Event: 137.361 Thread 0x000001b381736000 Uncommon trap: reason=class_check action=maybe_recompile pc=0x000001b3ec9d5d54 method=java.lang.reflect.Method.equals(Ljava/lang/Object;)Z @ 5 c2
Event: 137.657 Thread 0x000001b381736000 Uncommon trap: reason=class_check action=maybe_recompile pc=0x000001b3ecb1a250 method=org.springframework.core.SerializableTypeWrapper.unwrap(Ljava/lang/reflect/Type;)Ljava/lang/reflect/Type; @ 18 c2
Event: 137.657 Thread 0x000001b381736000 Uncommon trap: reason=class_check action=maybe_recompile pc=0x000001b3ecb1a3c4 method=org.springframework.core.SerializableTypeWrapper.unwrap(Ljava/lang/reflect/Type;)Ljava/lang/reflect/Type; @ 10 c2
Event: 137.660 Thread 0x000001b381736000 Uncommon trap: reason=class_check action=maybe_recompile pc=0x000001b3ecb1a250 method=org.springframework.core.SerializableTypeWrapper.unwrap(Ljava/lang/reflect/Type;)Ljava/lang/reflect/Type; @ 18 c2
Event: 137.661 Thread 0x000001b381736000 Uncommon trap: reason=class_check action=maybe_recompile pc=0x000001b3ecb1a3c4 method=org.springframework.core.SerializableTypeWrapper.unwrap(Ljava/lang/reflect/Type;)Ljava/lang/reflect/Type; @ 10 c2

Classes redefined (0 events):
No events

Internal exceptions (10 events):
Event: 148.880 Thread 0x000001b3faf06800 Exception <a 'java/net/SocketException'{0x00000000c54075e8}: Software caused connection abort: recv failed> (0x00000000c54075e8) thrown at [./open/src/hotspot/share/prims/jni.cpp, line 632]
Event: 148.882 Thread 0x000001b3faf06800 Exception <a 'java/net/SocketException'{0x00000000c5409038}: Software caused connection abort: recv failed> (0x00000000c5409038) thrown at [./open/src/hotspot/share/prims/jni.cpp, line 632]
Event: 148.885 Thread 0x000001b3faf06800 Exception <a 'java/net/SocketException'{0x00000000c540bec0}: Software caused connection abort: socket write error> (0x00000000c540bec0) thrown at [./open/src/hotspot/share/prims/jni.cpp, line 632]
Event: 148.886 Thread 0x000001b3faf06800 Exception <a 'java/net/SocketException'{0x00000000c540c4e0}: Software caused connection abort: recv failed> (0x00000000c540c4e0) thrown at [./open/src/hotspot/share/prims/jni.cpp, line 632]
Event: 148.887 Thread 0x000001b3faf06800 Exception <a 'java/net/SocketException'{0x00000000c540dc40}: Software caused connection abort: socket write error> (0x00000000c540dc40) thrown at [./open/src/hotspot/share/prims/jni.cpp, line 632]
Event: 148.888 Thread 0x000001b3faf06800 Exception <a 'java/net/SocketException'{0x00000000c540e260}: Software caused connection abort: recv failed> (0x00000000c540e260) thrown at [./open/src/hotspot/share/prims/jni.cpp, line 632]
Event: 148.889 Thread 0x000001b3faf06800 Exception <a 'java/net/SocketException'{0x00000000c540f9c0}: Software caused connection abort: socket write error> (0x00000000c540f9c0) thrown at [./open/src/hotspot/share/prims/jni.cpp, line 632]
Event: 148.890 Thread 0x000001b3faf06800 Exception <a 'java/net/SocketException'{0x00000000c540ffe0}: Software caused connection abort: recv failed> (0x00000000c540ffe0) thrown at [./open/src/hotspot/share/prims/jni.cpp, line 632]
Event: 148.892 Thread 0x000001b3faf06800 Exception <a 'java/net/SocketException'{0x00000000c5411a30}: Software caused connection abort: recv failed> (0x00000000c5411a30) thrown at [./open/src/hotspot/share/prims/jni.cpp, line 632]
Event: 149.003 Thread 0x000001b3faf07000 Exception <a 'java/io/FileNotFoundException'{0x00000000c6e175f0}> (0x00000000c6e175f0) thrown at [./open/src/hotspot/share/prims/jni.cpp, line 611]

Events (10 events):
Event: 149.496 loading class groovy/text/TemplateEngine
Event: 149.496 loading class groovy/text/TemplateEngine done
Event: 149.496 loading class groovy/text$TemplateEngine
Event: 149.496 loading class groovy/text$TemplateEngine done
Event: 149.497 loading class org/apache/jasper/compiler/JspConfig
Event: 149.497 loading class org/apache/jasper/compiler/JspConfig done
Event: 149.497 loading class org/apache/jasper/compiler$JspConfig
Event: 149.497 loading class org/apache/jasper/compiler$JspConfig done
Event: 149.509 Thread 0x000001b3faf07000 DEOPT PACKING pc=0x000001b3e593ea5c sp=0x0000001a295fd2d0
Event: 149.509 Thread 0x000001b3faf07000 DEOPT UNPACKING pc=0x000001b3e4cb6dde sp=0x0000001a295fc890 mode 0


Dynamic libraries:
0x00007ff7a50a0000 - 0x00007ff7a50af000 	C:\Program Files\Java\jdk-11.0.12\bin\java.exe
0x00007ffe66f50000 - 0x00007ffe67145000 	C:\WINDOWS\SYSTEM32\ntdll.dll
0x00007ffe65ec0000 - 0x00007ffe65f7d000 	C:\WINDOWS\System32\KERNEL32.DLL
0x00007ffe64ce0000 - 0x00007ffe64fa9000 	C:\WINDOWS\System32\KERNELBASE.dll
0x00007ffe648f0000 - 0x00007ffe649f0000 	C:\WINDOWS\System32\ucrtbase.dll
0x00007ffe47cd0000 - 0x00007ffe47ce5000 	C:\Program Files\Java\jdk-11.0.12\bin\VCRUNTIME140.dll
0x00007ffe49910000 - 0x00007ffe49928000 	C:\Program Files\Java\jdk-11.0.12\bin\jli.dll
0x00007ffe66970000 - 0x00007ffe66a1c000 	C:\WINDOWS\System32\ADVAPI32.dll
0x00007ffe662d0000 - 0x00007ffe6636e000 	C:\WINDOWS\System32\msvcrt.dll
0x00007ffe66370000 - 0x00007ffe6640b000 	C:\WINDOWS\System32\sechost.dll
0x00007ffe65780000 - 0x00007ffe658aa000 	C:\WINDOWS\System32\RPCRT4.dll
0x00007ffe66130000 - 0x00007ffe662d0000 	C:\WINDOWS\System32\USER32.dll
0x00007ffe64810000 - 0x00007ffe64832000 	C:\WINDOWS\System32\win32u.dll
0x00007ffe56020000 - 0x00007ffe562ba000 	C:\WINDOWS\WinSxS\amd64_microsoft.windows.common-controls_6595b64144ccf1df_6.0.19041.1110_none_60b5254171f9507e\COMCTL32.dll
0x00007ffe66710000 - 0x00007ffe6673a000 	C:\WINDOWS\System32\GDI32.dll
0x00007ffe649f0000 - 0x00007ffe64afb000 	C:\WINDOWS\System32\gdi32full.dll
0x00007ffe64770000 - 0x00007ffe6480d000 	C:\WINDOWS\System32\msvcp_win.dll
0x00007ffe5d9b0000 - 0x00007ffe5d9ba000 	C:\WINDOWS\SYSTEM32\VERSION.dll
0x00007ffe64fb0000 - 0x00007ffe64fe0000 	C:\WINDOWS\System32\IMM32.DLL
0x00007ffe3bd10000 - 0x00007ffe3bdab000 	C:\Program Files\Java\jdk-11.0.12\bin\msvcp140.dll
0x00007ffe234a0000 - 0x00007ffe23f9f000 	C:\Program Files\Java\jdk-11.0.12\bin\server\jvm.dll
0x00007ffe664b0000 - 0x00007ffe664b8000 	C:\WINDOWS\System32\PSAPI.DLL
0x00007ffe55f50000 - 0x00007ffe55f77000 	C:\WINDOWS\SYSTEM32\WINMM.dll
0x00007ffe60240000 - 0x00007ffe60249000 	C:\WINDOWS\SYSTEM32\WSOCK32.dll
0x00007ffe66410000 - 0x00007ffe6647b000 	C:\WINDOWS\System32\ws2_32.DLL
0x00007ffe63270000 - 0x00007ffe63282000 	C:\WINDOWS\SYSTEM32\kernel.appcore.dll
0x00007ffe5fb90000 - 0x00007ffe5fba0000 	C:\Program Files\Java\jdk-11.0.12\bin\verify.dll
0x00007ffe62cb0000 - 0x00007ffe62e94000 	C:\WINDOWS\SYSTEM32\DBGHELP.DLL
0x00007ffe48c40000 - 0x00007ffe48c6c000 	C:\WINDOWS\SYSTEM32\dbgcore.DLL
0x00007ffe64680000 - 0x00007ffe64703000 	C:\WINDOWS\System32\bcryptPrimitives.dll
0x00007ffe47ca0000 - 0x00007ffe47cc8000 	C:\Program Files\Java\jdk-11.0.12\bin\java.dll
0x00007ffe5fb50000 - 0x00007ffe5fb5a000 	C:\Program Files\Java\jdk-11.0.12\bin\jimage.dll
0x00007ffe47c80000 - 0x00007ffe47c96000 	C:\Program Files\Java\jdk-11.0.12\bin\zip.dll
0x00007ffe65040000 - 0x00007ffe6577f000 	C:\WINDOWS\System32\SHELL32.dll
0x00007ffe62520000 - 0x00007ffe62cb0000 	C:\WINDOWS\SYSTEM32\windows.storage.dll
0x00007ffe66bb0000 - 0x00007ffe66f05000 	C:\WINDOWS\System32\combase.dll
0x00007ffe640e0000 - 0x00007ffe6410c000 	C:\WINDOWS\SYSTEM32\Wldp.dll
0x00007ffe66a20000 - 0x00007ffe66ace000 	C:\WINDOWS\System32\SHCORE.dll
0x00007ffe667e0000 - 0x00007ffe66835000 	C:\WINDOWS\System32\shlwapi.dll
0x00007ffe645c0000 - 0x00007ffe645df000 	C:\WINDOWS\SYSTEM32\profapi.dll
0x00007ffe44820000 - 0x00007ffe44839000 	C:\Program Files\Java\jdk-11.0.12\bin\net.dll
0x00007ffe58300000 - 0x00007ffe58408000 	C:\WINDOWS\SYSTEM32\WINHTTP.dll
0x00007ffe63df0000 - 0x00007ffe63e5a000 	C:\WINDOWS\system32\mswsock.dll
0x00007ffe3e970000 - 0x00007ffe3e982000 	C:\Program Files\Java\jdk-11.0.12\bin\nio.dll
0x00007ffe5deb0000 - 0x00007ffe5deb9000 	C:\Program Files\Java\jdk-11.0.12\bin\management.dll
0x00007ffe55da0000 - 0x00007ffe55dab000 	C:\Program Files\Java\jdk-11.0.12\bin\management_ext.dll
0x00007ffe59a50000 - 0x00007ffe59a67000 	C:\WINDOWS\system32\napinsp.dll
0x00007ffe599e0000 - 0x00007ffe599fb000 	C:\WINDOWS\system32\pnrpnsp.dll
0x00007ffe41450000 - 0x00007ffe41465000 	C:\WINDOWS\system32\wshbth.dll
0x00007ffe5fac0000 - 0x00007ffe5fadd000 	C:\WINDOWS\system32\NLAapi.dll
0x00007ffe63ab0000 - 0x00007ffe63aeb000 	C:\WINDOWS\SYSTEM32\IPHLPAPI.DLL
0x00007ffe63af0000 - 0x00007ffe63bbc000 	C:\WINDOWS\SYSTEM32\DNSAPI.dll
0x00007ffe664a0000 - 0x00007ffe664a8000 	C:\WINDOWS\System32\NSI.dll
0x00007ffe59440000 - 0x00007ffe59452000 	C:\WINDOWS\System32\winrnr.dll
0x00007ffe57d20000 - 0x00007ffe57d2a000 	C:\Windows\System32\rasadhlp.dll
0x00007ffe57ca0000 - 0x00007ffe57d1f000 	C:\WINDOWS\System32\fwpuclnt.dll
0x00007ffe64cb0000 - 0x00007ffe64cd7000 	C:\WINDOWS\System32\bcrypt.dll
0x00007ffe63fa0000 - 0x00007ffe63fb8000 	C:\WINDOWS\SYSTEM32\CRYPTSP.dll
0x00007ffe63710000 - 0x00007ffe63744000 	C:\WINDOWS\system32\rsaenh.dll
0x00007ffe64580000 - 0x00007ffe645ae000 	C:\WINDOWS\SYSTEM32\USERENV.dll
0x00007ffe63fc0000 - 0x00007ffe63fcc000 	C:\WINDOWS\SYSTEM32\CRYPTBASE.dll
0x00007ffe5d990000 - 0x00007ffe5d9a7000 	C:\WINDOWS\SYSTEM32\dhcpcsvc6.DLL
0x00007ffe5d930000 - 0x00007ffe5d94d000 	C:\WINDOWS\SYSTEM32\dhcpcsvc.DLL
0x00007ffe601f0000 - 0x00007ffe601fd000 	C:\Program Files\Java\jdk-11.0.12\bin\sunmscapi.dll
0x00007ffe64b50000 - 0x00007ffe64caf000 	C:\WINDOWS\System32\CRYPT32.dll
0x00007ffe64150000 - 0x00007ffe64177000 	C:\WINDOWS\SYSTEM32\ncrypt.dll
0x00007ffe64110000 - 0x00007ffe6414b000 	C:\WINDOWS\SYSTEM32\NTASN1.dll
0x00007ffe59a80000 - 0x00007ffe59aa5000 	C:\Program Files\Java\jdk-11.0.12\bin\sunec.dll

dbghelp: loaded successfully - version: 4.0.5 - missing functions: none
symbol engine: initialized successfully - sym options: 0x614 - pdb path: .;C:\Program Files\Java\jdk-11.0.12\bin;C:\WINDOWS\SYSTEM32;C:\WINDOWS\WinSxS\amd64_microsoft.windows.common-controls_6595b64144ccf1df_6.0.19041.1110_none_60b5254171f9507e;C:\Program Files\Java\jdk-11.0.12\bin\server

VM Arguments:
jvm_args: -Dfile.encoding=UTF-8 
java_command: dmd.test.TestApplication
java_class_path (initial): E:\Coding\Workspace\Java\vscode\test\target\classes;C:\Users\Apple Family\.m2\repository\org\webjars\jquery\3.6.0\jquery-3.6.0.jar;C:\Users\Apple Family\.m2\repository\org\webjars\bootstrap\5.1.0\bootstrap-5.1.0.jar;C:\Users\Apple Family\.m2\repository\org\webjars\popper.js\2.9.3\popper.js-2.9.3.jar;C:\Users\Apple Family\.m2\repository\org\springframework\boot\spring-boot-starter-data-jpa\2.5.4\spring-boot-starter-data-jpa-2.5.4.jar;C:\Users\Apple Family\.m2\repository\org\springframework\boot\spring-boot-starter-aop\2.5.4\spring-boot-starter-aop-2.5.4.jar;C:\Users\Apple Family\.m2\repository\org\aspectj\aspectjweaver\1.9.7\aspectjweaver-1.9.7.jar;C:\Users\Apple Family\.m2\repository\org\springframework\boot\spring-boot-starter-jdbc\2.5.4\spring-boot-starter-jdbc-2.5.4.jar;C:\Users\Apple Family\.m2\repository\com\zaxxer\HikariCP\4.0.3\HikariCP-4.0.3.jar;C:\Users\Apple Family\.m2\repository\org\springframework\spring-jdbc\5.3.9\spring-jdbc-5.3.9.jar;C:\Users\Apple Family\.m2\repository\jakarta\transaction\jakarta.transaction-api\1.3.3\jakarta.transaction-api-1.3.3.jar;C:\Users\Apple Family\.m2\repository\jakarta\persistence\jakarta.persistence-api\2.2.3\jakarta.persistence-api-2.2.3.jar;C:\Users\Apple Family\.m2\repository\org\hibernate\hibernate-core\5.4.32.Final\hibernate-core-5.4.32.Final.jar;C:\Users\Apple Family\.m2\repository\org\jboss\logging\jboss-logging\3.4.2.Final\jboss-logging-3.4.2.Final.jar;C:\Users\Apple Family\.m2\repository\org\javassist\javassist\3.27.0-GA\javassist-3.27.0-GA.jar;C:\Users\Apple Family\.m2\repository\net\bytebuddy\byte-buddy\1.10.22\byte-buddy-1.10.22.jar;C:\Users\Apple Family\.m2\repository\antlr\antlr\2.7.7\antlr-2.7.7.jar;C:\Users\Apple Family\.m2\repository\org\jboss\jandex\2.2.3.Final\jandex-2.2.3.Final.jar;C:\Users\Apple Family\.m2\repository\com\fasterxml\classmate\1.5.1\classmate-1.5.1.jar;C:\Users\Apple Family\.m2\repository\org\dom4j\dom4j\2.1.3\dom4j-2.1.3.jar;C:\Users\Apple Family\.m2\reposito
Launcher Type: SUN_STANDARD

[Global flags]
     intx CICompilerCount                          = 3                                         {product} {ergonomic}
     uint ConcGCThreads                            = 1                                         {product} {ergonomic}
     uint G1ConcRefinementThreads                  = 4                                         {product} {ergonomic}
   size_t G1HeapRegionSize                         = 1048576                                   {product} {ergonomic}
    uintx GCDrainStackTargetSize                   = 64                                        {product} {ergonomic}
   size_t InitialHeapSize                          = 67108864                                  {product} {ergonomic}
   size_t MarkStackSize                            = 4194304                                   {product} {ergonomic}
   size_t MaxHeapSize                              = 1054867456                                {product} {ergonomic}
   size_t MaxNewSize                               = 632291328                                 {product} {ergonomic}
   size_t MinHeapDeltaBytes                        = 1048576                                   {product} {ergonomic}
    uintx NonNMethodCodeHeapSize                   = 5830732                                {pd product} {ergonomic}
    uintx NonProfiledCodeHeapSize                  = 122913754                              {pd product} {ergonomic}
    uintx ProfiledCodeHeapSize                     = 122913754                              {pd product} {ergonomic}
    uintx ReservedCodeCacheSize                    = 251658240                              {pd product} {ergonomic}
     bool SegmentedCodeCache                       = true                                      {product} {ergonomic}
     bool UseCompressedClassPointers               = true                                 {lp64_product} {ergonomic}
     bool UseCompressedOops                        = true                                 {lp64_product} {ergonomic}
     bool UseG1GC                                  = true                                      {product} {ergonomic}
     bool UseLargePagesIndividualAllocation        = false                                  {pd product} {ergonomic}

Logging:
Log output configuration:
 #0: stdout all=warning uptime,level,tags
 #1: stderr all=off uptime,level,tags

Environment Variables:
JAVA_HOME=C:\Program Files\Java\jdk-11.0.12
PATH=C:\Program Files\Common Files\Oracle\Java\javapath;C:\Program Files\Python39\Scripts\;C:\Program Files\Python39\;C:\Program Files (x86)\Common Files\Oracle\Java\javapath;C:\ProgramData\Oracle\Java\javapath;C:\Program Files\Broadcom\Broadcom 802.11;C:\WINDOWS\system32;C:\WINDOWS;C:\WINDOWS\System32\Wbem;C:\WINDOWS\System32\WindowsPowerShell\v1.0\;C:\Program Files (x86)\NVIDIA Corporation\PhysX\Common;C:\WINDOWS\System32\OpenSSH\;C:\Program Files\Common Files\Autodesk Shared\;C:\Program Files\Java\jdk1.8.0_201\bin;E:\web\XAMPP\php;C:\WINDOWS\system32;C:\WINDOWS;C:\WINDOWS\System32\Wbem;C:\WINDOWS\System32\WindowsPowerShell\v1.0\;C:\WINDOWS\System32\OpenSSH\;E:\Coding\PM\apache-maven-3.8.1-bin\apache-maven-3.8.1\\bin;C:\Program Files\Git\cmd;C:\Program Files\MySQL\MySQL Shell 8.0\bin\;C:\Users\Apple Family\AppData\Local\Microsoft\WindowsApps;C:\Users\Apple Family\AppData\Roaming\Composer\vendor\bin;C:\Users\Apple Family\AppData\Roaming\Python\Python39;C:\Users\Apple Family\AppData\Roaming\Python\Python39\Scripts;E:\Coding\IDE\Microsoft VS Code\bin;C:\Program Files\MySQL\MySQL Server 8.0\bin;
USERNAME=Dau M1nh Duc
OS=Windows_NT
PROCESSOR_IDENTIFIER=Intel64 Family 6 Model 61 Stepping 4, GenuineIntel



---------------  S Y S T E M  ---------------

OS: Windows 10 , 64 bit Build 19041 (10.0.19041.1151)
Hyper-V role detected

CPU:total 4 (initial active 4) (2 cores per cpu, 2 threads per core) family 6 model 61 stepping 4 microcode 0x2f, cmov, cx8, fxsr, mmx, sse, sse2, sse3, ssse3, sse4.1, sse4.2, popcnt, avx, avx2, aes, clmul, erms, 3dnowpref, lzcnt, ht, tsc, tscinvbit, bmi1, bmi2, adx, fma

Memory: 4k page, system-wide physical 4018M (416M free)
TotalPageFile size 6066M (AvailPageFile size 3M)
current process WorkingSet (physical memory assigned to process): 289M, peak: 334M
current process commit charge ("private bytes"): 322M, peak: 369M

vm_info: Java HotSpot(TM) 64-Bit Server VM (11.0.12+8-LTS-237) for windows-amd64 JRE (11.0.12+8-LTS-237), built on Jun  8 2021 11:25:59 by "mach5one" with MS VC++ 15.9 (VS2017)

END.
