#
# There is insufficient memory for the Java Runtime Environment to continue.
# Native memory allocation (malloc) failed to allocate 445136 bytes for Chunk::new
# Possible reasons:
#   The system is out of physical RAM or swap space
#   The process is running with CompressedOops enabled, and the Java Heap may be blocking the growth of the native heap
# Possible solutions:
#   Reduce memory load on the system
#   Increase physical memory or swap space
#   Check if swap backing store is full
#   Decrease Java heap size (-Xmx/-Xms)
#   Decrease number of Java threads
#   Decrease Java thread stack sizes (-Xss)
#   Set larger code cache with -XX:ReservedCodeCacheSize=
#   JVM is running with Unscaled Compressed Oops mode in which the Java heap is
#     placed in the first 4GB address space. The Java Heap base address is the
#     maximum limit for the native heap growth. Please use -XX:HeapBaseMinAddress
#     to set the Java Heap base and to place the Java Heap above 4GB virtual address.
# This output file may be truncated or incomplete.
#
#  Out of Memory Error (./open/src/hotspot/share/memory/arena.cpp:197), pid=3940, tid=4656
#
# JRE version: Java(TM) SE Runtime Environment 18.9 (11.0.12+8) (build 11.0.12+8-LTS-237)
# Java VM: Java HotSpot(TM) 64-Bit Server VM 18.9 (11.0.12+8-LTS-237, mixed mode, tiered, compressed oops, parallel gc, windows-amd64)
# No core dump will be written. Minidumps are not enabled by default on client versions of Windows
#

---------------  S U M M A R Y ------------

Command Line: --add-modules=ALL-SYSTEM --add-opens=java.base/java.util=ALL-UNNAMED --add-opens=java.base/java.lang=ALL-UNNAMED -Declipse.application=org.eclipse.jdt.ls.core.id1 -Dosgi.bundles.defaultStartLevel=4 -Declipse.product=org.eclipse.jdt.ls.core.product -Dfile.encoding=utf8 -DwatchParentProcess=false -XX:+UseParallelGC -XX:GCTimeRatio=4 -XX:AdaptiveSizePolicyWeight=90 -Dsun.zip.disableMemoryMapping=true -Xmx1G -Xms100m -javaagent:c:\Users\Apple Family\.vscode\extensions\gabrielbb.vscode-lombok-1.0.1\server\lombok.jar -Xverify:none c:\Users\Apple Family\.vscode\extensions\redhat.java-0.79.2\server\plugins\org.eclipse.equinox.launcher_1.6.100.v20201223-0822.jar -configuration c:\Users\Apple Family\AppData\Roaming\Code\User\globalStorage\redhat.java\0.79.2\config_win -data c:\Users\Apple Family\AppData\Roaming\Code\User\workspaceStorage\1822f74ea3c5cf513a9cff73cdd9fc40\redhat.java\jdt_ws

Host: Intel(R) Core(TM) i5-5200U CPU @ 2.20GHz, 4 cores, 3G,  Windows 10 , 64 bit Build 19041 (10.0.19041.1151)
Time: Fri Aug 27 05:38:50 2021 SE Asia Standard Time elapsed time: 243.253813 seconds (0d 0h 4m 3s)

---------------  T H R E A D  ---------------

Current thread (0x00000245a8a6d000):  JavaThread "C2 CompilerThread0" daemon [_thread_in_native, id=4656, stack(0x0000005381400000,0x0000005381500000)]


Current CompileTask:
C2: 243253 11618       4       com.google.gson.internal.bind.TypeAdapterRuntimeTypeWrapper::write (81 bytes)

Stack: [0x0000005381400000,0x0000005381500000]
Native frames: (J=compiled Java code, j=interpreted, Vv=VM code, C=native code)
V  [jvm.dll+0x617d9a]
V  [jvm.dll+0x74eeef]
V  [jvm.dll+0x750599]
V  [jvm.dll+0x750c23]
V  [jvm.dll+0x2438d8]
V  [jvm.dll+0xba6dc]
V  [jvm.dll+0xbac9c]
V  [jvm.dll+0x2b4564]
V  [jvm.dll+0x52cc86]
V  [jvm.dll+0x1fea87]
V  [jvm.dll+0x1fc1ca]
V  [jvm.dll+0x17f18c]
V  [jvm.dll+0x20b87c]
V  [jvm.dll+0x20997b]
V  [jvm.dll+0x716359]
V  [jvm.dll+0x70f064]
V  [jvm.dll+0x616f66]
C  [ucrtbase.dll+0x21bb2]
C  [KERNEL32.DLL+0x17034]
C  [ntdll.dll+0x52651]


---------------  P R O C E S S  ---------------

Threads class SMR info:
_java_thread_list=0x00000245ad94fd90, length=33, elements={
0x000002458e458800, 0x00000245a8a12000, 0x000002458e52e000, 0x00000245a8a66800,
0x00000245a8a67000, 0x00000245a8a68800, 0x00000245a8a6d000, 0x00000245a8a19000,
0x00000245a8a1b800, 0x00000245a9ce7000, 0x00000245aa362000, 0x00000245aa626000,
0x00000245aa626800, 0x00000245aa69e000, 0x00000245aa73b800, 0x00000245aa9e5000,
0x00000245aabc3000, 0x00000245ab288000, 0x00000245acce2000, 0x00000245acce4800,
0x00000245acce1000, 0x00000245acce6000, 0x00000245acce7000, 0x00000245ad102800,
0x00000245ad0fe800, 0x00000245ad100000, 0x00000245ad102000, 0x00000245ad103800,
0x00000245ad104800, 0x00000245ad105000, 0x00000245ad101000, 0x00000245ad0ff800,
0x00000245ad106000
}

Java Threads: ( => current thread )
  0x000002458e458800 JavaThread "main" [_thread_blocked, id=7680, stack(0x0000005380c00000,0x0000005380d00000)]
  0x00000245a8a12000 JavaThread "Reference Handler" daemon [_thread_blocked, id=6700, stack(0x0000005380f00000,0x0000005381000000)]
  0x000002458e52e000 JavaThread "Finalizer" daemon [_thread_blocked, id=9116, stack(0x0000005381000000,0x0000005381100000)]
  0x00000245a8a66800 JavaThread "Signal Dispatcher" daemon [_thread_blocked, id=9156, stack(0x0000005381100000,0x0000005381200000)]
  0x00000245a8a67000 JavaThread "Attach Listener" daemon [_thread_blocked, id=8604, stack(0x0000005381200000,0x0000005381300000)]
  0x00000245a8a68800 JavaThread "Service Thread" daemon [_thread_blocked, id=2124, stack(0x0000005381300000,0x0000005381400000)]
=>0x00000245a8a6d000 JavaThread "C2 CompilerThread0" daemon [_thread_in_native, id=4656, stack(0x0000005381400000,0x0000005381500000)]
  0x00000245a8a19000 JavaThread "C1 CompilerThread0" daemon [_thread_blocked, id=7112, stack(0x0000005381500000,0x0000005381600000)]
  0x00000245a8a1b800 JavaThread "Sweeper thread" daemon [_thread_blocked, id=9924, stack(0x0000005381600000,0x0000005381700000)]
  0x00000245a9ce7000 JavaThread "Common-Cleaner" daemon [_thread_blocked, id=8900, stack(0x0000005381700000,0x0000005381800000)]
  0x00000245aa362000 JavaThread "Active Thread: Equinox Container: 37fb8dd9-4810-4ffe-a8c0-dd6bd3213cfb" [_thread_blocked, id=8628, stack(0x0000005381b00000,0x0000005381c00000)]
  0x00000245aa626000 JavaThread "Framework Event Dispatcher: Equinox Container: 37fb8dd9-4810-4ffe-a8c0-dd6bd3213cfb" daemon [_thread_blocked, id=2228, stack(0x0000005381900000,0x0000005381a00000)]
  0x00000245aa626800 JavaThread "Start Level: Equinox Container: 37fb8dd9-4810-4ffe-a8c0-dd6bd3213cfb" daemon [_thread_blocked, id=8424, stack(0x0000005381c00000,0x0000005381d00000)]
  0x00000245aa69e000 JavaThread "SCR Component Actor" daemon [_thread_blocked, id=1708, stack(0x0000005381f00000,0x0000005382000000)]
  0x00000245aa73b800 JavaThread "Bundle File Closer" daemon [_thread_blocked, id=10168, stack(0x0000005382100000,0x0000005382200000)]
  0x00000245aa9e5000 JavaThread "Worker-JM" [_thread_blocked, id=7672, stack(0x0000005382200000,0x0000005382300000)]
  0x00000245aabc3000 JavaThread "Worker-0" [_thread_blocked, id=4908, stack(0x0000005382400000,0x0000005382500000)]
  0x00000245ab288000 JavaThread "Java indexing" daemon [_thread_blocked, id=8648, stack(0x0000005382600000,0x0000005382700000)]
  0x00000245acce2000 JavaThread "logback configurator timer" daemon [_thread_blocked, id=4500, stack(0x0000005382500000,0x0000005382600000)]
  0x00000245acce4800 JavaThread "pool-2-thread-1" [_thread_in_native, id=3624, stack(0x0000005382700000,0x0000005382800000)]
  0x00000245acce1000 JavaThread "Worker-2" [_thread_blocked, id=9144, stack(0x0000005382000000,0x0000005382100000)]
  0x00000245acce6000 JavaThread "ForkJoinPool.commonPool-worker-3" daemon [_thread_blocked, id=4508, stack(0x0000005382b00000,0x0000005382c00000)]
  0x00000245acce7000 JavaThread "ForkJoinPool.commonPool-worker-7" daemon [_thread_blocked, id=2672, stack(0x0000005382800000,0x0000005382900000)]
  0x00000245ad102800 JavaThread "Java Debug Server" daemon [_thread_in_native, id=2232, stack(0x0000005380b00000,0x0000005380c00000)]
  0x00000245ad0fe800 JavaThread "RxSchedulerPurge-1" daemon [_thread_blocked, id=2696, stack(0x0000005382f00000,0x0000005383000000)]
  0x00000245ad100000 JavaThread "RxCachedWorkerPoolEvictor-1" daemon [_thread_blocked, id=6468, stack(0x0000005383000000,0x0000005383100000)]
  0x00000245ad102000 JavaThread "ForkJoinPool.commonPool-worker-1" daemon [_thread_blocked, id=760, stack(0x0000005380900000,0x0000005380a00000)]
  0x00000245ad103800 JavaThread "pool-3-thread-2" [_thread_in_native, id=10816, stack(0x0000005380a00000,0x0000005380b00000)]
  0x00000245ad104800 JavaThread "RxNewThreadScheduler-3" daemon [_thread_blocked, id=6420, stack(0x0000005382300000,0x0000005382400000)]
  0x00000245ad105000 JavaThread "Thread-5" daemon [_thread_in_native, id=3732, stack(0x0000005382900000,0x0000005382a00000)]
  0x00000245ad101000 JavaThread "Debuggee Stdout Handler" daemon [_thread_in_native, id=10884, stack(0x0000005382a00000,0x0000005382b00000)]
  0x00000245ad0ff800 JavaThread "Debuggee Stderr Handler" daemon [_thread_in_native, id=1328, stack(0x0000005382c00000,0x0000005382d00000)]
  0x00000245ad106000 JavaThread "RxNewThreadScheduler-4" daemon [_thread_blocked, id=2480, stack(0x0000005383100000,0x0000005383200000)]

Other Threads:
  0x000002458e520000 VMThread "VM Thread" [stack: 0x0000005380e00000,0x0000005380f00000] [id=8640]
  0x00000245a9f18800 WatcherThread [stack: 0x0000005381800000,0x0000005381900000] [id=9020]
  0x000002458e46e800 GCTaskThread "ParGC Thread#0" [stack: 0x0000005380d00000,0x0000005380e00000] [id=8372]
  0x00000245aa378000 GCTaskThread "ParGC Thread#1" [stack: 0x0000005381a00000,0x0000005381b00000] [id=10944]
  0x00000245aa6b9800 GCTaskThread "ParGC Thread#2" [stack: 0x0000005381d00000,0x0000005381e00000] [id=736]
  0x00000245aa6ba000 GCTaskThread "ParGC Thread#3" [stack: 0x0000005381e00000,0x0000005381f00000] [id=7688]

Threads with active compile tasks:
C2 CompilerThread0 244487 11618       4       com.google.gson.internal.bind.TypeAdapterRuntimeTypeWrapper::write (81 bytes)

VM state:not at safepoint (normal execution)

VM Mutex/Monitor currently owned by a thread: None

Heap address: 0x00000000c0000000, size: 1024 MB, Compressed Oops mode: 32-bit
Narrow klass base: 0x0000000000000000, Narrow klass shift: 3
Compressed class space size: 1073741824 Address: 0x0000000100000000

Heap:
 PSYoungGen      total 39936K, used 34892K [0x00000000eab00000, 0x00000000ee380000, 0x0000000100000000)
  eden space 26112K, 80% used [0x00000000eab00000,0x00000000ebf97c38,0x00000000ec480000)
  from space 13824K, 99% used [0x00000000ed600000,0x00000000ee37b3c8,0x00000000ee380000)
  to   space 15872K, 0% used [0x00000000ec480000,0x00000000ec480000,0x00000000ed400000)
 ParOldGen       total 173568K, used 162207K [0x00000000c0000000, 0x00000000ca980000, 0x00000000eab00000)
  object space 173568K, 93% used [0x00000000c0000000,0x00000000c9e67e50,0x00000000ca980000)
 Metaspace       used 71387K, capacity 74993K, committed 75136K, reserved 1116160K
  class space    used 6884K, capacity 8212K, committed 8320K, reserved 1048576K

Card table byte_map: [0x00000245a5b00000,0x00000245a5d10000] _byte_map_base: 0x00000245a5500000

Marking Bits: (ParMarkBitMap*) 0x00007ffe335367a0
 Begin Bits: [0x00000245a5e70000, 0x00000245a6e70000)
 End Bits:   [0x00000245a6e70000, 0x00000245a7e70000)

Polling page: 0x000002458cb30000

Metaspace:

Usage:
  Non-class:     65.22 MB capacity,    62.99 MB ( 97%) used,     2.07 MB (  3%) free+waste,   156.06 KB ( <1%) overhead. 
      Class:      8.02 MB capacity,     6.72 MB ( 84%) used,     1.23 MB ( 15%) free+waste,    70.81 KB ( <1%) overhead. 
       Both:     73.24 MB capacity,    69.71 MB ( 95%) used,     3.30 MB (  5%) free+waste,   226.88 KB ( <1%) overhead. 

Virtual space:
  Non-class space:       66.00 MB reserved,      65.25 MB ( 99%) committed 
      Class space:        1.00 GB reserved,       8.13 MB ( <1%) committed 
             Both:        1.06 GB reserved,      73.38 MB (  7%) committed 

Chunk freelists:
   Non-Class:  4.38 KB
       Class:  1.50 KB
        Both:  5.88 KB

CodeHeap 'non-profiled nmethods': size=120064Kb used=7412Kb max_used=7434Kb free=112651Kb
 bounds [0x000002459e3e0000, 0x000002459eb60000, 0x00000245a5920000]
CodeHeap 'profiled nmethods': size=120000Kb used=25699Kb max_used=27095Kb free=94300Kb
 bounds [0x0000024596eb0000, 0x0000024598930000, 0x000002459e3e0000]
CodeHeap 'non-nmethods': size=5696Kb used=1288Kb max_used=1396Kb free=4407Kb
 bounds [0x0000024596920000, 0x0000024596b90000, 0x0000024596eb0000]
 total_blobs=10885 nmethods=10188 adapters=606
 compilation: enabled
              stopped_count=0, restarted_count=0
 full_count=0

Compilation events (10 events):
Event: 240.856 Thread 0x00000245a8a19000 nmethod 11613 0x0000024597809910 code [0x0000024597809ba0, 0x000002459780aa08]
Event: 240.856 Thread 0x00000245a8a19000 11614       3       java.lang.invoke.VarHandleObjects$Array::compareAndSet (60 bytes)
Event: 240.858 Thread 0x00000245a8a19000 nmethod 11614 0x000002459785a110 code [0x000002459785a440, 0x000002459785b788]
Event: 240.858 Thread 0x00000245a8a19000 11616       3       java.util.regex.Pattern::single (82 bytes)
Event: 240.860 Thread 0x00000245a8a19000 nmethod 11616 0x0000024597880590 code [0x00000245978808c0, 0x0000024597881ef8]
Event: 240.869 Thread 0x00000245a8a19000 11617   !   3       java.io.BufferedReader::read (140 bytes)
Event: 240.870 Thread 0x00000245a8a19000 nmethod 11617 0x00000245977f6b10 code [0x00000245977f6d60, 0x00000245977f7768]
Event: 242.943 Thread 0x00000245a8a6d000 11618       4       com.google.gson.internal.bind.TypeAdapterRuntimeTypeWrapper::write (81 bytes)
Event: 242.956 Thread 0x00000245a8a19000 11620   !   3       java.io.PrintWriter::write (58 bytes)
Event: 242.957 Thread 0x00000245a8a19000 nmethod 11620 0x0000024597641e10 code [0x0000024597642020, 0x0000024597642688]

GC Heap History (10 events):
Event: 225.123 GC heap before
{Heap before GC invocations=66 (full 5):
 PSYoungGen      total 40960K, used 40936K [0x00000000eab00000, 0x00000000ee900000, 0x0000000100000000)
  eden space 26624K, 100% used [0x00000000eab00000,0x00000000ec500000,0x00000000ec500000)
  from space 14336K, 99% used [0x00000000ec800000,0x00000000ed5fa1e8,0x00000000ed600000)
  to   space 18432K, 0% used [0x00000000ed700000,0x00000000ed700000,0x00000000ee900000)
 ParOldGen       total 173568K, used 156602K [0x00000000c0000000, 0x00000000ca980000, 0x00000000eab00000)
  object space 173568K, 90% used [0x00000000c0000000,0x00000000c98eebe0,0x00000000ca980000)
 Metaspace       used 71279K, capacity 74799K, committed 75136K, reserved 1116160K
  class space    used 6884K, capacity 8212K, committed 8320K, reserved 1048576K
}
Event: 225.153 GC heap after
{Heap after GC invocations=66 (full 5):
 PSYoungGen      total 42496K, used 15939K [0x00000000eab00000, 0x00000000ee700000, 0x0000000100000000)
  eden space 26112K, 0% used [0x00000000eab00000,0x00000000eab00000,0x00000000ec480000)
  from space 16384K, 97% used [0x00000000ed700000,0x00000000ee690e18,0x00000000ee700000)
  to   space 16896K, 0% used [0x00000000ec600000,0x00000000ec600000,0x00000000ed680000)
 ParOldGen       total 173568K, used 160467K [0x00000000c0000000, 0x00000000ca980000, 0x00000000eab00000)
  object space 173568K, 92% used [0x00000000c0000000,0x00000000c9cb4de0,0x00000000ca980000)
 Metaspace       used 71279K, capacity 74799K, committed 75136K, reserved 1116160K
  class space    used 6884K, capacity 8212K, committed 8320K, reserved 1048576K
}
Event: 225.635 GC heap before
{Heap before GC invocations=67 (full 5):
 PSYoungGen      total 42496K, used 42051K [0x00000000eab00000, 0x00000000ee700000, 0x0000000100000000)
  eden space 26112K, 100% used [0x00000000eab00000,0x00000000ec480000,0x00000000ec480000)
  from space 16384K, 97% used [0x00000000ed700000,0x00000000ee690e18,0x00000000ee700000)
  to   space 16896K, 0% used [0x00000000ec600000,0x00000000ec600000,0x00000000ed680000)
 ParOldGen       total 173568K, used 160467K [0x00000000c0000000, 0x00000000ca980000, 0x00000000eab00000)
  object space 173568K, 92% used [0x00000000c0000000,0x00000000c9cb4de0,0x00000000ca980000)
 Metaspace       used 71308K, capacity 74863K, committed 75136K, reserved 1116160K
  class space    used 6884K, capacity 8212K, committed 8320K, reserved 1048576K
}
Event: 225.669 GC heap after
{Heap after GC invocations=67 (full 5):
 PSYoungGen      total 43008K, used 16746K [0x00000000eab00000, 0x00000000ee680000, 0x0000000100000000)
  eden space 26112K, 0% used [0x00000000eab00000,0x00000000eab00000,0x00000000ec480000)
  from space 16896K, 99% used [0x00000000ec600000,0x00000000ed65ab70,0x00000000ed680000)
  to   space 16384K, 0% used [0x00000000ed680000,0x00000000ed680000,0x00000000ee680000)
 ParOldGen       total 173568K, used 160467K [0x00000000c0000000, 0x00000000ca980000, 0x00000000eab00000)
  object space 173568K, 92% used [0x00000000c0000000,0x00000000c9cb4de0,0x00000000ca980000)
 Metaspace       used 71308K, capacity 74863K, committed 75136K, reserved 1116160K
  class space    used 6884K, capacity 8212K, committed 8320K, reserved 1048576K
}
Event: 227.029 GC heap before
{Heap before GC invocations=68 (full 5):
 PSYoungGen      total 43008K, used 42844K [0x00000000eab00000, 0x00000000ee680000, 0x0000000100000000)
  eden space 26112K, 99% used [0x00000000eab00000,0x00000000ec47c4c8,0x00000000ec480000)
  from space 16896K, 99% used [0x00000000ec600000,0x00000000ed65ab70,0x00000000ed680000)
  to   space 16384K, 0% used [0x00000000ed680000,0x00000000ed680000,0x00000000ee680000)
 ParOldGen       total 173568K, used 160467K [0x00000000c0000000, 0x00000000ca980000, 0x00000000eab00000)
  object space 173568K, 92% used [0x00000000c0000000,0x00000000c9cb4de0,0x00000000ca980000)
 Metaspace       used 71319K, capacity 74864K, committed 75136K, reserved 1116160K
  class space    used 6884K, capacity 8212K, committed 8320K, reserved 1048576K
}
Event: 227.050 GC heap after
{Heap after GC invocations=68 (full 5):
 PSYoungGen      total 42496K, used 16164K [0x00000000eab00000, 0x00000000ee680000, 0x0000000100000000)
  eden space 26112K, 0% used [0x00000000eab00000,0x00000000eab00000,0x00000000ec480000)
  from space 16384K, 98% used [0x00000000ed680000,0x00000000ee649148,0x00000000ee680000)
  to   space 16384K, 0% used [0x00000000ec680000,0x00000000ec680000,0x00000000ed680000)
 ParOldGen       total 173568K, used 160475K [0x00000000c0000000, 0x00000000ca980000, 0x00000000eab00000)
  object space 173568K, 92% used [0x00000000c0000000,0x00000000c9cb6de0,0x00000000ca980000)
 Metaspace       used 71319K, capacity 74864K, committed 75136K, reserved 1116160K
  class space    used 6884K, capacity 8212K, committed 8320K, reserved 1048576K
}
Event: 227.347 GC heap before
{Heap before GC invocations=69 (full 5):
 PSYoungGen      total 42496K, used 42276K [0x00000000eab00000, 0x00000000ee680000, 0x0000000100000000)
  eden space 26112K, 100% used [0x00000000eab00000,0x00000000ec480000,0x00000000ec480000)
  from space 16384K, 98% used [0x00000000ed680000,0x00000000ee649148,0x00000000ee680000)
  to   space 16384K, 0% used [0x00000000ec680000,0x00000000ec680000,0x00000000ed680000)
 ParOldGen       total 173568K, used 160475K [0x00000000c0000000, 0x00000000ca980000, 0x00000000eab00000)
  object space 173568K, 92% used [0x00000000c0000000,0x00000000c9cb6de0,0x00000000ca980000)
 Metaspace       used 71356K, capacity 74928K, committed 75136K, reserved 1116160K
  class space    used 6884K, capacity 8212K, committed 8320K, reserved 1048576K
}
Event: 227.366 GC heap after
{Heap after GC invocations=69 (full 5):
 PSYoungGen      total 41984K, used 15612K [0x00000000eab00000, 0x00000000ee380000, 0x0000000100000000)
  eden space 26112K, 0% used [0x00000000eab00000,0x00000000eab00000,0x00000000ec480000)
  from space 15872K, 98% used [0x00000000ec680000,0x00000000ed5bf3f8,0x00000000ed600000)
  to   space 13824K, 0% used [0x00000000ed600000,0x00000000ed600000,0x00000000ee380000)
 ParOldGen       total 173568K, used 160483K [0x00000000c0000000, 0x00000000ca980000, 0x00000000eab00000)
  object space 173568K, 92% used [0x00000000c0000000,0x00000000c9cb8de0,0x00000000ca980000)
 Metaspace       used 71356K, capacity 74928K, committed 75136K, reserved 1116160K
  class space    used 6884K, capacity 8212K, committed 8320K, reserved 1048576K
}
Event: 227.432 GC heap before
{Heap before GC invocations=70 (full 5):
 PSYoungGen      total 41984K, used 41724K [0x00000000eab00000, 0x00000000ee380000, 0x0000000100000000)
  eden space 26112K, 100% used [0x00000000eab00000,0x00000000ec480000,0x00000000ec480000)
  from space 15872K, 98% used [0x00000000ec680000,0x00000000ed5bf3f8,0x00000000ed600000)
  to   space 13824K, 0% used [0x00000000ed600000,0x00000000ed600000,0x00000000ee380000)
 ParOldGen       total 173568K, used 160483K [0x00000000c0000000, 0x00000000ca980000, 0x00000000eab00000)
  object space 173568K, 92% used [0x00000000c0000000,0x00000000c9cb8de0,0x00000000ca980000)
 Metaspace       used 71359K, capacity 74928K, committed 75136K, reserved 1116160K
  class space    used 6884K, capacity 8212K, committed 8320K, reserved 1048576K
}
Event: 227.452 GC heap after
{Heap after GC invocations=70 (full 5):
 PSYoungGen      total 39936K, used 13804K [0x00000000eab00000, 0x00000000ee380000, 0x0000000100000000)
  eden space 26112K, 0% used [0x00000000eab00000,0x00000000eab00000,0x00000000ec480000)
  from space 13824K, 99% used [0x00000000ed600000,0x00000000ee37b3c8,0x00000000ee380000)
  to   space 15872K, 0% used [0x00000000ec480000,0x00000000ec480000,0x00000000ed400000)
 ParOldGen       total 173568K, used 162207K [0x00000000c0000000, 0x00000000ca980000, 0x00000000eab00000)
  object space 173568K, 93% used [0x00000000c0000000,0x00000000c9e67e50,0x00000000ca980000)
 Metaspace       used 71359K, capacity 74928K, committed 75136K, reserved 1116160K
  class space    used 6884K, capacity 8212K, committed 8320K, reserved 1048576K
}

Deoptimization events (10 events):
Event: 223.803 Thread 0x00000245acce6000 Uncommon trap: reason=class_check action=maybe_recompile pc=0x000002459eb1e64c method=org.eclipse.jdt.internal.compiler.lookup.Scope.getBinding([CILorg/eclipse/jdt/internal/compiler/lookup/InvocationSite;Z)Lorg/eclipse/jdt/internal/compiler/lookup/Binding
Event: 223.809 Thread 0x00000245acce6000 Uncommon trap: reason=class_check action=maybe_recompile pc=0x000002459e92fce8 method=org.eclipse.jdt.internal.compiler.parser.Parser.consumeRule(I)V @ 5913 c2
Event: 223.842 Thread 0x00000245acce6000 Uncommon trap: reason=unstable_if action=reinterpret pc=0x000002459eb10af8 method=org.eclipse.jdt.internal.compiler.parser.Parser.consumeToken(I)V @ 1465 c2
Event: 224.970 Thread 0x00000245acce6000 Uncommon trap: reason=bimorphic_or_optimized_type_check action=maybe_recompile pc=0x000002459eb0316c method=org.eclipse.jdt.internal.compiler.lookup.Scope.findMemberType([CLorg/eclipse/jdt/internal/compiler/lookup/ReferenceBinding;)Lorg/eclipse/jdt/intern
Event: 224.986 Thread 0x00000245acce6000 Uncommon trap: reason=bimorphic_or_optimized_type_check action=maybe_recompile pc=0x000002459eb0316c method=org.eclipse.jdt.internal.compiler.lookup.Scope.findMemberType([CLorg/eclipse/jdt/internal/compiler/lookup/ReferenceBinding;)Lorg/eclipse/jdt/intern
Event: 225.289 Thread 0x00000245acce6000 Uncommon trap: reason=bimorphic_or_optimized_type_check action=maybe_recompile pc=0x000002459e5fa6e0 method=org.eclipse.jdt.internal.compiler.lookup.BinaryTypeBinding.superclass()Lorg/eclipse/jdt/internal/compiler/lookup/ReferenceBinding; @ 73 c2
Event: 225.410 Thread 0x00000245acce6000 Uncommon trap: reason=bimorphic_or_optimized_type_check action=maybe_recompile pc=0x000002459e504fc4 method=org.eclipse.jdt.internal.compiler.lookup.BinaryTypeBinding.superInterfaces()[Lorg/eclipse/jdt/internal/compiler/lookup/ReferenceBinding; @ 76 c2
Event: 225.947 Thread 0x00000245acce4800 Uncommon trap: reason=class_check action=maybe_recompile pc=0x000002459e711474 method=java.lang.reflect.Array.newInstance(Ljava/lang/Class;I)Ljava/lang/Object; @ 2 c2
Event: 227.627 Thread 0x00000245ad104800 Uncommon trap: reason=class_check action=maybe_recompile pc=0x000002459e711450 method=com.google.gson.internal.bind.ArrayTypeAdapter.read(Lcom/google/gson/stream/JsonReader;)Ljava/lang/Object; @ 1 c2
Event: 227.627 Thread 0x00000245ad104800 Uncommon trap: reason=class_check action=maybe_recompile pc=0x000002459e711450 method=com.google.gson.internal.bind.ArrayTypeAdapter.read(Lcom/google/gson/stream/JsonReader;)Ljava/lang/Object; @ 1 c2

Classes redefined (0 events):
No events

Internal exceptions (10 events):
Event: 224.921 Thread 0x00000245acce6000 Exception <a 'java/lang/NullPointerException'{0x00000000ebf6ceb8}> (0x00000000ebf6ceb8) thrown at [./open/src/hotspot/share/runtime/sharedRuntime.cpp, line 606]
Event: 224.921 Thread 0x00000245acce6000 Implicit null exception at 0x0000024597e097f1 to 0x0000024597e0993c
Event: 224.921 Thread 0x00000245acce6000 Exception <a 'java/lang/NullPointerException'{0x00000000ebf6d6c0}> (0x00000000ebf6d6c0) thrown at [./open/src/hotspot/share/runtime/sharedRuntime.cpp, line 606]
Event: 224.921 Thread 0x00000245acce6000 Implicit null exception at 0x0000024597e097f1 to 0x0000024597e0993c
Event: 224.921 Thread 0x00000245acce6000 Exception <a 'java/lang/NullPointerException'{0x00000000ebf6e188}> (0x00000000ebf6e188) thrown at [./open/src/hotspot/share/runtime/sharedRuntime.cpp, line 606]
Event: 224.921 Thread 0x00000245acce6000 Implicit null exception at 0x0000024597e097f1 to 0x0000024597e0993c
Event: 224.921 Thread 0x00000245acce6000 Exception <a 'java/lang/NullPointerException'{0x00000000ebf6eb78}> (0x00000000ebf6eb78) thrown at [./open/src/hotspot/share/runtime/sharedRuntime.cpp, line 606]
Event: 225.682 Thread 0x00000245acce6000 Exception <a 'java/lang/ClassCastException'{0x00000000eabd72e8}> (0x00000000eabd72e8) thrown at [./open/src/hotspot/share/runtime/sharedRuntime.cpp, line 606]
Event: 225.684 Thread 0x00000245acce6000 Exception <a 'java/lang/ClassCastException'{0x00000000eabdc818}> (0x00000000eabdc818) thrown at [./open/src/hotspot/share/runtime/sharedRuntime.cpp, line 606]
Event: 225.684 Thread 0x00000245acce6000 Exception <a 'java/lang/ClassCastException'{0x00000000eabe0238}> (0x00000000eabe0238) thrown at [./open/src/hotspot/share/runtime/sharedRuntime.cpp, line 606]

Events (10 events):
Event: 227.627 Thread 0x00000245ad104800 DEOPT PACKING pc=0x000002459e711450 sp=0x00000053823febf0
Event: 227.627 Thread 0x00000245ad104800 DEOPT UNPACKING pc=0x0000024596945e2f sp=0x00000053823febd0 mode 2
Event: 227.670 Thread 0x00000245ad105000 Thread added: 0x00000245ad105000
Event: 227.670 Thread 0x00000245ad101000 Thread added: 0x00000245ad101000
Event: 227.671 Thread 0x00000245ad0ff800 Thread added: 0x00000245ad0ff800
Event: 231.427 Thread 0x00000245ad106000 Thread added: 0x00000245ad106000
Event: 231.428 Executing VM operation: RevokeBias
Event: 231.428 Executing VM operation: RevokeBias done
Event: 231.428 Executing VM operation: RevokeBias
Event: 231.428 Executing VM operation: RevokeBias done


Dynamic libraries:
0x00007ff7a50a0000 - 0x00007ff7a50af000 	C:\Program Files\Java\jdk-11.0.12\bin\java.exe
0x00007ffe66f50000 - 0x00007ffe67145000 	C:\WINDOWS\SYSTEM32\ntdll.dll
0x00007ffe65ec0000 - 0x00007ffe65f7d000 	C:\WINDOWS\System32\KERNEL32.DLL
0x00007ffe64ce0000 - 0x00007ffe64fa9000 	C:\WINDOWS\System32\KERNELBASE.dll
0x00007ffe648f0000 - 0x00007ffe649f0000 	C:\WINDOWS\System32\ucrtbase.dll
0x00007ffe5fb80000 - 0x00007ffe5fb98000 	C:\Program Files\Java\jdk-11.0.12\bin\jli.dll
0x00007ffe66970000 - 0x00007ffe66a1c000 	C:\WINDOWS\System32\ADVAPI32.dll
0x00007ffe662d0000 - 0x00007ffe6636e000 	C:\WINDOWS\System32\msvcrt.dll
0x00007ffe66370000 - 0x00007ffe6640b000 	C:\WINDOWS\System32\sechost.dll
0x00007ffe65780000 - 0x00007ffe658aa000 	C:\WINDOWS\System32\RPCRT4.dll
0x00007ffe66130000 - 0x00007ffe662d0000 	C:\WINDOWS\System32\USER32.dll
0x00007ffe64810000 - 0x00007ffe64832000 	C:\WINDOWS\System32\win32u.dll
0x00007ffe66710000 - 0x00007ffe6673a000 	C:\WINDOWS\System32\GDI32.dll
0x00007ffe649f0000 - 0x00007ffe64afb000 	C:\WINDOWS\System32\gdi32full.dll
0x00007ffe64770000 - 0x00007ffe6480d000 	C:\WINDOWS\System32\msvcp_win.dll
0x00007ffe56020000 - 0x00007ffe562ba000 	C:\WINDOWS\WinSxS\amd64_microsoft.windows.common-controls_6595b64144ccf1df_6.0.19041.1110_none_60b5254171f9507e\COMCTL32.dll
0x00007ffe5d9b0000 - 0x00007ffe5d9ba000 	C:\WINDOWS\SYSTEM32\VERSION.dll
0x00007ffe54c90000 - 0x00007ffe54ca5000 	C:\Program Files\Java\jdk-11.0.12\bin\VCRUNTIME140.dll
0x00007ffe64fb0000 - 0x00007ffe64fe0000 	C:\WINDOWS\System32\IMM32.DLL
0x00007ffe34940000 - 0x00007ffe349db000 	C:\Program Files\Java\jdk-11.0.12\bin\msvcp140.dll
0x00007ffe32af0000 - 0x00007ffe335ef000 	C:\Program Files\Java\jdk-11.0.12\bin\server\jvm.dll
0x00007ffe664b0000 - 0x00007ffe664b8000 	C:\WINDOWS\System32\PSAPI.DLL
0x00007ffe60240000 - 0x00007ffe60249000 	C:\WINDOWS\SYSTEM32\WSOCK32.dll
0x00007ffe66410000 - 0x00007ffe6647b000 	C:\WINDOWS\System32\WS2_32.dll
0x00007ffe55f50000 - 0x00007ffe55f77000 	C:\WINDOWS\SYSTEM32\WINMM.dll
0x00007ffe63270000 - 0x00007ffe63282000 	C:\WINDOWS\SYSTEM32\kernel.appcore.dll
0x00007ffe601f0000 - 0x00007ffe60200000 	C:\Program Files\Java\jdk-11.0.12\bin\verify.dll
0x00007ffe62cb0000 - 0x00007ffe62e94000 	C:\WINDOWS\SYSTEM32\DBGHELP.DLL
0x00007ffe48c40000 - 0x00007ffe48c6c000 	C:\WINDOWS\SYSTEM32\dbgcore.DLL
0x00007ffe64680000 - 0x00007ffe64703000 	C:\WINDOWS\System32\bcryptPrimitives.dll
0x00007ffe4f960000 - 0x00007ffe4f988000 	C:\Program Files\Java\jdk-11.0.12\bin\java.dll
0x00007ffe5deb0000 - 0x00007ffe5deba000 	C:\Program Files\Java\jdk-11.0.12\bin\jimage.dll
0x00007ffe51750000 - 0x00007ffe5175e000 	C:\Program Files\Java\jdk-11.0.12\bin\instrument.dll
0x00007ffe51940000 - 0x00007ffe51956000 	C:\Program Files\Java\jdk-11.0.12\bin\zip.dll
0x00007ffe65040000 - 0x00007ffe6577f000 	C:\WINDOWS\System32\SHELL32.dll
0x00007ffe62520000 - 0x00007ffe62cb0000 	C:\WINDOWS\SYSTEM32\windows.storage.dll
0x00007ffe66bb0000 - 0x00007ffe66f05000 	C:\WINDOWS\System32\combase.dll
0x00007ffe640e0000 - 0x00007ffe6410c000 	C:\WINDOWS\SYSTEM32\Wldp.dll
0x00007ffe66a20000 - 0x00007ffe66ace000 	C:\WINDOWS\System32\SHCORE.dll
0x00007ffe667e0000 - 0x00007ffe66835000 	C:\WINDOWS\System32\shlwapi.dll
0x00007ffe645c0000 - 0x00007ffe645df000 	C:\WINDOWS\SYSTEM32\profapi.dll
0x00007ffe4c060000 - 0x00007ffe4c079000 	C:\Program Files\Java\jdk-11.0.12\bin\net.dll
0x00007ffe58300000 - 0x00007ffe58408000 	C:\WINDOWS\SYSTEM32\WINHTTP.dll
0x00007ffe63df0000 - 0x00007ffe63e5a000 	C:\WINDOWS\system32\mswsock.dll
0x00007ffe4c040000 - 0x00007ffe4c052000 	C:\Program Files\Java\jdk-11.0.12\bin\nio.dll
0x00007ffe63fa0000 - 0x00007ffe63fb8000 	C:\WINDOWS\SYSTEM32\CRYPTSP.dll
0x00007ffe63710000 - 0x00007ffe63744000 	C:\WINDOWS\system32\rsaenh.dll
0x00007ffe64cb0000 - 0x00007ffe64cd7000 	C:\WINDOWS\System32\bcrypt.dll
0x00007ffe64580000 - 0x00007ffe645ae000 	C:\WINDOWS\SYSTEM32\USERENV.dll
0x00007ffe63fc0000 - 0x00007ffe63fcc000 	C:\WINDOWS\SYSTEM32\CRYPTBASE.dll
0x00007ffe63ab0000 - 0x00007ffe63aeb000 	C:\WINDOWS\SYSTEM32\IPHLPAPI.DLL
0x00007ffe664a0000 - 0x00007ffe664a8000 	C:\WINDOWS\System32\NSI.dll
0x00007ffe5d990000 - 0x00007ffe5d9a7000 	C:\WINDOWS\SYSTEM32\dhcpcsvc6.DLL
0x00007ffe5d930000 - 0x00007ffe5d94d000 	C:\WINDOWS\SYSTEM32\dhcpcsvc.DLL
0x00007ffe63af0000 - 0x00007ffe63bbc000 	C:\WINDOWS\SYSTEM32\DNSAPI.dll
0x00007ffe38800000 - 0x00007ffe38829000 	C:\Users\Apple Family\AppData\Roaming\Code\User\globalStorage\redhat.java\0.79.2\config_win\org.eclipse.equinox.launcher\org.eclipse.equinox.launcher.win32.win32.x86_64_1.2.200.v20210406-1409\eclipse_11401.dll
0x00007ffe4f440000 - 0x00007ffe4f451000 	C:\Users\Apple Family\AppData\Roaming\Code\User\globalStorage\redhat.java\0.79.2\config_win\org.eclipse.osgi\23\0\.cp\jWinHttp-1.0.0.dll
0x00007ffe66840000 - 0x00007ffe6696a000 	C:\WINDOWS\System32\ole32.dll
0x00007ffe3bd20000 - 0x00007ffe3bd45000 	C:\Program Files\Java\jdk-11.0.12\bin\sunec.dll

dbghelp: loaded successfully - version: 4.0.5 - missing functions: none
symbol engine: initialized successfully - sym options: 0x614 - pdb path: .;C:\Program Files\Java\jdk-11.0.12\bin;C:\WINDOWS\SYSTEM32;C:\WINDOWS\WinSxS\amd64_microsoft.windows.common-controls_6595b64144ccf1df_6.0.19041.1110_none_60b5254171f9507e;C:\Program Files\Java\jdk-11.0.12\bin\server;C:\Users\Apple Family\AppData\Roaming\Code\User\globalStorage\redhat.java\0.79.2\config_win\org.eclipse.equinox.launcher\org.eclipse.equinox.launcher.win32.win32.x86_64_1.2.200.v20210406-1409;C:\Users\Apple Family\AppData\Roaming\Code\User\globalStorage\redhat.java\0.79.2\config_win\org.eclipse.osgi\23\0\.cp

VM Arguments:
jvm_args: --add-modules=ALL-SYSTEM --add-opens=java.base/java.util=ALL-UNNAMED --add-opens=java.base/java.lang=ALL-UNNAMED -Declipse.application=org.eclipse.jdt.ls.core.id1 -Dosgi.bundles.defaultStartLevel=4 -Declipse.product=org.eclipse.jdt.ls.core.product -Dfile.encoding=utf8 -DwatchParentProcess=false -XX:+UseParallelGC -XX:GCTimeRatio=4 -XX:AdaptiveSizePolicyWeight=90 -Dsun.zip.disableMemoryMapping=true -Xmx1G -Xms100m -javaagent:c:\Users\Apple Family\.vscode\extensions\gabrielbb.vscode-lombok-1.0.1\server\lombok.jar -Xverify:none 
java_command: c:\Users\Apple Family\.vscode\extensions\redhat.java-0.79.2\server\plugins\org.eclipse.equinox.launcher_1.6.100.v20201223-0822.jar -configuration c:\Users\Apple Family\AppData\Roaming\Code\User\globalStorage\redhat.java\0.79.2\config_win -data c:\Users\Apple Family\AppData\Roaming\Code\User\workspaceStorage\1822f74ea3c5cf513a9cff73cdd9fc40\redhat.java\jdt_ws
java_class_path (initial): c:\Users\Apple Family\.vscode\extensions\redhat.java-0.79.2\server\plugins\org.eclipse.equinox.launcher_1.6.100.v20201223-0822.jar
Launcher Type: SUN_STANDARD

[Global flags]
    uintx AdaptiveSizePolicyWeight                 = 90                                        {product} {command line}
     bool BytecodeVerificationLocal                = false                                     {product} {command line}
     bool BytecodeVerificationRemote               = false                                     {product} {command line}
     intx CICompilerCount                          = 3                                         {product} {ergonomic}
    uintx GCTimeRatio                              = 4                                         {product} {command line}
   size_t InitialHeapSize                          = 104857600                                 {product} {command line}
   size_t MaxHeapSize                              = 1073741824                                {product} {command line}
   size_t MaxNewSize                               = 357564416                                 {product} {ergonomic}
   size_t MinHeapDeltaBytes                        = 524288                                    {product} {ergonomic}
   size_t NewSize                                  = 34603008                                  {product} {ergonomic}
    uintx NonNMethodCodeHeapSize                   = 5830732                                {pd product} {ergonomic}
    uintx NonProfiledCodeHeapSize                  = 122913754                              {pd product} {ergonomic}
   size_t OldSize                                  = 70254592                                  {product} {ergonomic}
    uintx ProfiledCodeHeapSize                     = 122913754                              {pd product} {ergonomic}
    uintx ReservedCodeCacheSize                    = 251658240                              {pd product} {ergonomic}
     bool SegmentedCodeCache                       = true                                      {product} {ergonomic}
     bool UseCompressedClassPointers               = true                                 {lp64_product} {ergonomic}
     bool UseCompressedOops                        = true                                 {lp64_product} {ergonomic}
     bool UseLargePagesIndividualAllocation        = false                                  {pd product} {ergonomic}
     bool UseParallelGC                            = true                                      {product} {command line}

Logging:
Log output configuration:
 #0: stdout all=warning uptime,level,tags
 #1: stderr all=off uptime,level,tags

Environment Variables:
JAVA_HOME=C:\Program Files\Java\jdk-11.0.12
PATH=C:\Program Files\Common Files\Oracle\Java\javapath;C:\Program Files\Python39\Scripts\;C:\Program Files\Python39\;C:\Program Files (x86)\Common Files\Oracle\Java\javapath;C:\ProgramData\Oracle\Java\javapath;C:\Program Files\Broadcom\Broadcom 802.11;C:\WINDOWS\system32;C:\WINDOWS;C:\WINDOWS\System32\Wbem;C:\WINDOWS\System32\WindowsPowerShell\v1.0\;C:\Program Files (x86)\NVIDIA Corporation\PhysX\Common;C:\WINDOWS\System32\OpenSSH\;C:\Program Files\Common Files\Autodesk Shared\;C:\Program Files\Java\jdk1.8.0_201\bin;E:\web\XAMPP\php;C:\WINDOWS\system32;C:\WINDOWS;C:\WINDOWS\System32\Wbem;C:\WINDOWS\System32\WindowsPowerShell\v1.0\;C:\WINDOWS\System32\OpenSSH\;E:\Coding\PM\apache-maven-3.8.1-bin\apache-maven-3.8.1\\bin;C:\Program Files\Git\cmd;C:\Program Files\MySQL\MySQL Shell 8.0\bin\;C:\Users\Apple Family\AppData\Local\Microsoft\WindowsApps;C:\Users\Apple Family\AppData\Roaming\Composer\vendor\bin;C:\Users\Apple Family\AppData\Roaming\Python\Python39;C:\Users\Apple Family\AppData\Roaming\Python\Python39\Scripts;E:\Coding\IDE\Microsoft VS Code\bin;C:\Program Files\MySQL\MySQL Server 8.0\bin;
USERNAME=Dau M1nh Duc
OS=Windows_NT
PROCESSOR_IDENTIFIER=Intel64 Family 6 Model 61 Stepping 4, GenuineIntel



---------------  S Y S T E M  ---------------

OS: Windows 10 , 64 bit Build 19041 (10.0.19041.1151)
Hyper-V role detected

CPU:total 4 (initial active 4) (2 cores per cpu, 2 threads per core) family 6 model 61 stepping 4 microcode 0x2f, cmov, cx8, fxsr, mmx, sse, sse2, sse3, ssse3, sse4.1, sse4.2, popcnt, avx, avx2, aes, clmul, erms, 3dnowpref, lzcnt, ht, tsc, tscinvbit, bmi1, bmi2, adx, fma

Memory: 4k page, system-wide physical 4018M (401M free)
TotalPageFile size 6066M (AvailPageFile size 168M)
current process WorkingSet (physical memory assigned to process): 402M, peak: 469M
current process commit charge ("private bytes"): 446M, peak: 513M

vm_info: Java HotSpot(TM) 64-Bit Server VM (11.0.12+8-LTS-237) for windows-amd64 JRE (11.0.12+8-LTS-237), built on Jun  8 2021 11:25:59 by "mach5one" with MS VC++ 15.9 (VS2017)

END.
