#
# There is insufficient memory for the Java Runtime Environment to continue.
# Native memory allocation (mmap) failed to map 67108864 bytes for Failed to commit area from 0x00000000c1200000 to 0x00000000c5200000 of length 67108864.
# Possible reasons:
#   The system is out of physical RAM or swap space
#   The process is running with CompressedOops enabled, and the Java Heap may be blocking the growth of the native heap
# Possible solutions:
#   Reduce memory load on the system
#   Increase physical memory or swap space
#   Check if swap backing store is full
#   Decrease Java heap size (-Xmx/-Xms)
#   Decrease number of Java threads
#   Decrease Java thread stack sizes (-Xss)
#   Set larger code cache with -XX:ReservedCodeCacheSize=
# This output file may be truncated or incomplete.
#
#  Out of Memory Error (./open/src/hotspot/os/windows/os_windows.cpp:3273), pid=9016, tid=4356
#
# JRE version:  (11.0.12+8) (build )
# Java VM: Java HotSpot(TM) 64-Bit Server VM (11.0.12+8-LTS-237, mixed mode, sharing, tiered, compressed oops, g1 gc, windows-amd64)
# No core dump will be written. Minidumps are not enabled by default on client versions of Windows
#

---------------  S U M M A R Y ------------

Command Line: -Dcom.sun.management.jmxremote -Dcom.sun.management.jmxremote.port=11349 -Dcom.sun.management.jmxremote.authenticate=false -Dcom.sun.management.jmxremote.ssl=false -Djava.rmi.server.hostname=localhost -Dspring.application.admin.enabled=true -Dspring.jmx.enabled=true -Dfile.encoding=UTF-8 dmd.test.TestApplication

Host: Intel(R) Core(TM) i5-5200U CPU @ 2.20GHz, 4 cores, 3G,  Windows 10 , 64 bit Build 19041 (10.0.19041.1151)
Time: Sat Aug 28 17:30:38 2021 SE Asia Standard Time elapsed time: 0.980489 seconds (0d 0h 0m 0s)

---------------  T H R E A D  ---------------

Current thread (0x00000172d1d6d000):  JavaThread "Unknown thread" [_thread_in_vm, id=4356, stack(0x0000002b70e00000,0x0000002b70f00000)]

Stack: [0x0000002b70e00000,0x0000002b70f00000]
Native frames: (J=compiled Java code, j=interpreted, Vv=VM code, C=native code)
V  [jvm.dll+0x617d9a]
V  [jvm.dll+0x74eeef]
V  [jvm.dll+0x750599]
V  [jvm.dll+0x750c23]
V  [jvm.dll+0x2438d8]
V  [jvm.dll+0x61518a]
V  [jvm.dll+0x609f45]
V  [jvm.dll+0x2f85cc]
V  [jvm.dll+0x2f8452]
V  [jvm.dll+0x2fd106]
V  [jvm.dll+0x33f6ef]
V  [jvm.dll+0x33f120]
V  [jvm.dll+0x2d5ca8]
V  [jvm.dll+0x2d6e06]
V  [jvm.dll+0x72a977]
V  [jvm.dll+0x72c21f]
V  [jvm.dll+0x34c469]
V  [jvm.dll+0x710400]
V  [jvm.dll+0x3b5baf]
V  [jvm.dll+0x3b7cb1]
C  [jli.dll+0x520b]
C  [ucrtbase.dll+0x21bb2]
C  [KERNEL32.DLL+0x17034]
C  [ntdll.dll+0x52651]


---------------  P R O C E S S  ---------------

Threads class SMR info:
_java_thread_list=0x00000172cfcb8700, length=0, elements={
}

Java Threads: ( => current thread )

Other Threads:
  0x00000172d1d82000 GCTaskThread "GC Thread#0" [stack: 0x0000002b70f00000,0x0000002b71000000] [id=11684]
  0x00000172d1d99000 ConcurrentGCThread "G1 Main Marker" [stack: 0x0000002b71000000,0x0000002b71100000] [id=5508]
  0x00000172d1d9a800 ConcurrentGCThread "G1 Conc#0" [stack: 0x0000002b71100000,0x0000002b71200000] [id=8368]

[error occurred during error reporting (printing all threads), id 0xc0000005, EXCEPTION_ACCESS_VIOLATION (0xc0000005) at pc=0x00007ff842684f37]

VM state:not at safepoint (not fully initialized)

VM Mutex/Monitor currently owned by a thread:  ([mutex/lock_event])
[0x00000172d1d69830] Heap_lock - owner thread: 0x00000172d1d6d000

Heap address: 0x00000000c1200000, size: 1006 MB, Compressed Oops mode: Non-zero based: 0x00000000c1200000
Narrow klass base: 0x0000000000000000, Narrow klass shift: 0

GC Heap History (0 events):
No events

Deoptimization events (0 events):
No events

Classes redefined (0 events):
No events

Internal exceptions (0 events):
No events

Events (0 events):
No events


Dynamic libraries:
0x00007ff7a3cf0000 - 0x00007ff7a3cff000 	C:\Program Files\Java\jdk-11.0.12\bin\java.exe
0x00007ff88a270000 - 0x00007ff88a465000 	C:\WINDOWS\SYSTEM32\ntdll.dll
0x00007ff889760000 - 0x00007ff88981d000 	C:\WINDOWS\System32\KERNEL32.DLL
0x00007ff888000000 - 0x00007ff8882c9000 	C:\WINDOWS\System32\KERNELBASE.dll
0x00007ff887a00000 - 0x00007ff887b00000 	C:\WINDOWS\System32\ucrtbase.dll
0x00007ff867650000 - 0x00007ff867668000 	C:\Program Files\Java\jdk-11.0.12\bin\jli.dll
0x00007ff879020000 - 0x00007ff879035000 	C:\Program Files\Java\jdk-11.0.12\bin\VCRUNTIME140.dll
0x00007ff888950000 - 0x00007ff8889fc000 	C:\WINDOWS\System32\ADVAPI32.dll
0x00007ff889cb0000 - 0x00007ff889d4e000 	C:\WINDOWS\System32\msvcrt.dll
0x00007ff888b30000 - 0x00007ff888bcb000 	C:\WINDOWS\System32\sechost.dll
0x00007ff888a00000 - 0x00007ff888b2a000 	C:\WINDOWS\System32\RPCRT4.dll
0x00007ff889b10000 - 0x00007ff889cb0000 	C:\WINDOWS\System32\USER32.dll
0x00007ff887ba0000 - 0x00007ff887bc2000 	C:\WINDOWS\System32\win32u.dll
0x00007ff876360000 - 0x00007ff8765fa000 	C:\WINDOWS\WinSxS\amd64_microsoft.windows.common-controls_6595b64144ccf1df_6.0.19041.1110_none_60b5254171f9507e\COMCTL32.dll
0x00007ff8882d0000 - 0x00007ff8882fa000 	C:\WINDOWS\System32\GDI32.dll
0x00007ff887ef0000 - 0x00007ff887ffb000 	C:\WINDOWS\System32\gdi32full.dll
0x00007ff887b00000 - 0x00007ff887b9d000 	C:\WINDOWS\System32\msvcp_win.dll
0x00007ff881a70000 - 0x00007ff881a7a000 	C:\WINDOWS\SYSTEM32\VERSION.dll
0x00007ff888300000 - 0x00007ff888330000 	C:\WINDOWS\System32\IMM32.DLL
0x00007ff849030000 - 0x00007ff8490cb000 	C:\Program Files\Java\jdk-11.0.12\bin\msvcp140.dll
0x00007ff8423a0000 - 0x00007ff842e9f000 	C:\Program Files\Java\jdk-11.0.12\bin\server\jvm.dll
0x00007ff889540000 - 0x00007ff889548000 	C:\WINDOWS\System32\PSAPI.DLL
0x00007ff8834c0000 - 0x00007ff8834c9000 	C:\WINDOWS\SYSTEM32\WSOCK32.dll
0x00007ff8767b0000 - 0x00007ff8767d7000 	C:\WINDOWS\SYSTEM32\WINMM.dll
0x00007ff8894d0000 - 0x00007ff88953b000 	C:\WINDOWS\System32\WS2_32.dll
0x00007ff8861f0000 - 0x00007ff886202000 	C:\WINDOWS\SYSTEM32\kernel.appcore.dll
0x00007ff883210000 - 0x00007ff883220000 	C:\Program Files\Java\jdk-11.0.12\bin\verify.dll
0x00007ff885fd0000 - 0x00007ff8861b4000 	C:\WINDOWS\SYSTEM32\DBGHELP.DLL
0x00007ff8795d0000 - 0x00007ff8795fc000 	C:\WINDOWS\SYSTEM32\dbgcore.DLL
0x00007ff887bd0000 - 0x00007ff887c53000 	C:\WINDOWS\System32\bcryptPrimitives.dll
0x00007ff85bed0000 - 0x00007ff85bef8000 	C:\Program Files\Java\jdk-11.0.12\bin\java.dll
0x00007ff8822a0000 - 0x00007ff8822aa000 	C:\Program Files\Java\jdk-11.0.12\bin\jimage.dll
0x00007ff862cf0000 - 0x00007ff862d06000 	C:\Program Files\Java\jdk-11.0.12\bin\zip.dll

dbghelp: loaded successfully - version: 4.0.5 - missing functions: none
symbol engine: initialized successfully - sym options: 0x614 - pdb path: .;C:\Program Files\Java\jdk-11.0.12\bin;C:\WINDOWS\SYSTEM32;C:\WINDOWS\WinSxS\amd64_microsoft.windows.common-controls_6595b64144ccf1df_6.0.19041.1110_none_60b5254171f9507e;C:\Program Files\Java\jdk-11.0.12\bin\server

VM Arguments:
jvm_args: -Dcom.sun.management.jmxremote -Dcom.sun.management.jmxremote.port=11349 -Dcom.sun.management.jmxremote.authenticate=false -Dcom.sun.management.jmxremote.ssl=false -Djava.rmi.server.hostname=localhost -Dspring.application.admin.enabled=true -Dspring.jmx.enabled=true -Dfile.encoding=UTF-8 
java_command: dmd.test.TestApplication
java_class_path (initial): E:\Coding\Workspace\Java\vscode\test\target\classes;C:\Users\Apple Family\.m2\repository\org\webjars\jquery\3.6.0\jquery-3.6.0.jar;C:\Users\Apple Family\.m2\repository\org\webjars\bootstrap\5.1.0\bootstrap-5.1.0.jar;C:\Users\Apple Family\.m2\repository\org\webjars\popper.js\2.9.3\popper.js-2.9.3.jar;C:\Users\Apple Family\.m2\repository\org\springframework\boot\spring-boot-starter-data-jpa\2.5.4\spring-boot-starter-data-jpa-2.5.4.jar;C:\Users\Apple Family\.m2\repository\org\springframework\boot\spring-boot-starter-aop\2.5.4\spring-boot-starter-aop-2.5.4.jar;C:\Users\Apple Family\.m2\repository\org\aspectj\aspectjweaver\1.9.7\aspectjweaver-1.9.7.jar;C:\Users\Apple Family\.m2\repository\org\springframework\boot\spring-boot-starter-jdbc\2.5.4\spring-boot-starter-jdbc-2.5.4.jar;C:\Users\Apple Family\.m2\repository\com\zaxxer\HikariCP\4.0.3\HikariCP-4.0.3.jar;C:\Users\Apple Family\.m2\repository\org\springframework\spring-jdbc\5.3.9\spring-jdbc-5.3.9.jar;C:\Users\Apple Family\.m2\repository\jakarta\transaction\jakarta.transaction-api\1.3.3\jakarta.transaction-api-1.3.3.jar;C:\Users\Apple Family\.m2\repository\jakarta\persistence\jakarta.persistence-api\2.2.3\jakarta.persistence-api-2.2.3.jar;C:\Users\Apple Family\.m2\repository\org\hibernate\hibernate-core\5.4.32.Final\hibernate-core-5.4.32.Final.jar;C:\Users\Apple Family\.m2\repository\org\jboss\logging\jboss-logging\3.4.2.Final\jboss-logging-3.4.2.Final.jar;C:\Users\Apple Family\.m2\repository\org\javassist\javassist\3.27.0-GA\javassist-3.27.0-GA.jar;C:\Users\Apple Family\.m2\repository\net\bytebuddy\byte-buddy\1.10.22\byte-buddy-1.10.22.jar;C:\Users\Apple Family\.m2\repository\antlr\antlr\2.7.7\antlr-2.7.7.jar;C:\Users\Apple Family\.m2\repository\org\jboss\jandex\2.2.3.Final\jandex-2.2.3.Final.jar;C:\Users\Apple Family\.m2\repository\com\fasterxml\classmate\1.5.1\classmate-1.5.1.jar;C:\Users\Apple Family\.m2\repository\org\dom4j\dom4j\2.1.3\dom4j-2.1.3.jar;C:\Users\Apple Family\.m2\reposito
Launcher Type: SUN_STANDARD

[Global flags]
     intx CICompilerCount                          = 3                                         {product} {ergonomic}
     uint ConcGCThreads                            = 1                                         {product} {ergonomic}
     uint G1ConcRefinementThreads                  = 4                                         {product} {ergonomic}
   size_t G1HeapRegionSize                         = 1048576                                   {product} {ergonomic}
    uintx GCDrainStackTargetSize                   = 64                                        {product} {ergonomic}
   size_t InitialHeapSize                          = 67108864                                  {product} {ergonomic}
     bool ManagementServer                         = true                                      {product} {command line}
   size_t MarkStackSize                            = 4194304                                   {product} {ergonomic}
   size_t MaxHeapSize                              = 1054867456                                {product} {ergonomic}
   size_t MinHeapDeltaBytes                        = 1048576                                   {product} {ergonomic}
    uintx NonNMethodCodeHeapSize                   = 5830732                                {pd product} {ergonomic}
    uintx NonProfiledCodeHeapSize                  = 122913754                              {pd product} {ergonomic}
    uintx ProfiledCodeHeapSize                     = 122913754                              {pd product} {ergonomic}
    uintx ReservedCodeCacheSize                    = 251658240                              {pd product} {ergonomic}
     bool SegmentedCodeCache                       = true                                      {product} {ergonomic}
     bool UseCompressedClassPointers               = true                                 {lp64_product} {ergonomic}
     bool UseCompressedOops                        = true                                 {lp64_product} {ergonomic}
     bool UseG1GC                                  = true                                      {product} {ergonomic}
     bool UseLargePagesIndividualAllocation        = false                                  {pd product} {ergonomic}

Logging:
Log output configuration:
 #0: stdout all=warning uptime,level,tags
 #1: stderr all=off uptime,level,tags

Environment Variables:
JAVA_HOME=C:\Program Files\Java\jdk-11.0.12
PATH=C:\Program Files\Common Files\Oracle\Java\javapath;C:\Program Files\Python39\Scripts\;C:\Program Files\Python39\;C:\Program Files (x86)\Common Files\Oracle\Java\javapath;C:\ProgramData\Oracle\Java\javapath;C:\Program Files\Broadcom\Broadcom 802.11;C:\WINDOWS\system32;C:\WINDOWS;C:\WINDOWS\System32\Wbem;C:\WINDOWS\System32\WindowsPowerShell\v1.0\;C:\Program Files (x86)\NVIDIA Corporation\PhysX\Common;C:\WINDOWS\System32\OpenSSH\;C:\Program Files\Common Files\Autodesk Shared\;C:\Program Files\Java\jdk1.8.0_201\bin;E:\web\XAMPP\php;C:\WINDOWS\system32;C:\WINDOWS;C:\WINDOWS\System32\Wbem;C:\WINDOWS\System32\WindowsPowerShell\v1.0\;C:\WINDOWS\System32\OpenSSH\;E:\Coding\PM\apache-maven-3.8.1-bin\apache-maven-3.8.1\\bin;C:\Program Files\Git\cmd;C:\Program Files\MySQL\MySQL Shell 8.0\bin\;C:\Users\Apple Family\AppData\Local\Microsoft\WindowsApps;C:\Users\Apple Family\AppData\Roaming\Composer\vendor\bin;C:\Users\Apple Family\AppData\Roaming\Python\Python39;C:\Users\Apple Family\AppData\Roaming\Python\Python39\Scripts;E:\Coding\IDE\Microsoft VS Code\bin;C:\Program Files\MySQL\MySQL Server 8.0\bin;
USERNAME=Dau M1nh Duc
OS=Windows_NT
PROCESSOR_IDENTIFIER=Intel64 Family 6 Model 61 Stepping 4, GenuineIntel



---------------  S Y S T E M  ---------------

OS: Windows 10 , 64 bit Build 19041 (10.0.19041.1151)
Hyper-V role detected

CPU:total 4 (initial active 4) (2 cores per cpu, 2 threads per core) family 6 model 61 stepping 4 microcode 0x2f, cmov, cx8, fxsr, mmx, sse, sse2, sse3, ssse3, sse4.1, sse4.2, popcnt, avx, avx2, aes, clmul, erms, 3dnowpref, lzcnt, ht, tsc, tscinvbit, bmi1, bmi2, adx, fma

Memory: 4k page, system-wide physical 4018M (542M free)
TotalPageFile size 6066M (AvailPageFile size 66M)
current process WorkingSet (physical memory assigned to process): 9M, peak: 9M
current process commit charge ("private bytes"): 51M, peak: 115M

vm_info: Java HotSpot(TM) 64-Bit Server VM (11.0.12+8-LTS-237) for windows-amd64 JRE (11.0.12+8-LTS-237), built on Jun  8 2021 11:25:59 by "mach5one" with MS VC++ 15.9 (VS2017)

END.
